{"/Users/nadunalgoda/Desktop/aeo-content-analyzer-dev/frontend/src/App.jsx": {"path":"/Users/nadunalgoda/Desktop/aeo-content-analyzer-dev/frontend/src/App.jsx","statementMap":{"0":{"start":{"line":11,"column":12},"end":{"line":105,"column":null}},"1":{"start":{"line":12,"column":24},"end":{"line":18,"column":null}},"2":{"start":{"line":13,"column":4},"end":{"line":17,"column":null}},"3":{"start":{"line":20,"column":2},"end":{"line":26,"column":null}},"4":{"start":{"line":21,"column":4},"end":{"line":25,"column":null}},"5":{"start":{"line":22,"column":6},"end":{"line":22,"column":null}},"6":{"start":{"line":24,"column":6},"end":{"line":24,"column":null}},"7":{"start":{"line":28,"column":19},"end":{"line":29,"column":null}},"8":{"start":{"line":29,"column":4},"end":{"line":29,"column":null}},"9":{"start":{"line":29,"column":24},"end":{"line":29,"column":55}},"10":{"start":{"line":31,"column":22},"end":{"line":32,"column":null}},"11":{"start":{"line":32,"column":4},"end":{"line":32,"column":null}},"12":{"start":{"line":32,"column":24},"end":{"line":32,"column":58}},"13":{"start":{"line":34,"column":33},"end":{"line":40,"column":null}},"14":{"start":{"line":35,"column":4},"end":{"line":39,"column":null}},"15":{"start":{"line":35,"column":24},"end":{"line":39,"column":6}},"16":{"start":{"line":42,"column":28},"end":{"line":48,"column":null}},"17":{"start":{"line":43,"column":4},"end":{"line":47,"column":null}},"18":{"start":{"line":43,"column":24},"end":{"line":47,"column":6}},"19":{"start":{"line":50,"column":21},"end":{"line":83,"column":null}},"20":{"start":{"line":51,"column":4},"end":{"line":82,"column":null}},"21":{"start":{"line":53,"column":8},"end":{"line":53,"column":null}},"22":{"start":{"line":56,"column":8},"end":{"line":56,"column":null}},"23":{"start":{"line":59,"column":8},"end":{"line":63,"column":null}},"24":{"start":{"line":62,"column":26},"end":{"line":62,"column":null}},"25":{"start":{"line":67,"column":8},"end":{"line":71,"column":null}},"26":{"start":{"line":70,"column":26},"end":{"line":70,"column":null}},"27":{"start":{"line":75,"column":8},"end":{"line":75,"column":null}},"28":{"start":{"line":75,"column":43},"end":{"line":75,"column":64}},"29":{"start":{"line":78,"column":8},"end":{"line":78,"column":null}},"30":{"start":{"line":78,"column":35},"end":{"line":78,"column":56}},"31":{"start":{"line":81,"column":8},"end":{"line":81,"column":null}},"32":{"start":{"line":85,"column":2},"end":{"line":103,"column":null}}},"fnMap":{"0":{"name":"(anonymous_0)","decl":{"start":{"line":11,"column":12},"end":{"line":11,"column":18}},"loc":{"start":{"line":11,"column":18},"end":{"line":105,"column":null}},"line":11},"1":{"name":"(anonymous_1)","decl":{"start":{"line":12,"column":37},"end":{"line":12,"column":43}},"loc":{"start":{"line":12,"column":43},"end":{"line":18,"column":3}},"line":12},"2":{"name":"(anonymous_2)","decl":{"start":{"line":20,"column":12},"end":{"line":20,"column":18}},"loc":{"start":{"line":20,"column":18},"end":{"line":26,"column":5}},"line":20},"3":{"name":"(anonymous_3)","decl":{"start":{"line":28,"column":19},"end":{"line":28,"column":20}},"loc":{"start":{"line":29,"column":4},"end":{"line":29,"column":null}},"line":29},"4":{"name":"(anonymous_4)","decl":{"start":{"line":29,"column":13},"end":{"line":29,"column":14}},"loc":{"start":{"line":29,"column":24},"end":{"line":29,"column":55}},"line":29},"5":{"name":"(anonymous_5)","decl":{"start":{"line":31,"column":22},"end":{"line":31,"column":null}},"loc":{"start":{"line":32,"column":4},"end":{"line":32,"column":null}},"line":32},"6":{"name":"(anonymous_6)","decl":{"start":{"line":32,"column":13},"end":{"line":32,"column":14}},"loc":{"start":{"line":32,"column":24},"end":{"line":32,"column":58}},"line":32},"7":{"name":"(anonymous_7)","decl":{"start":{"line":34,"column":33},"end":{"line":34,"column":34}},"loc":{"start":{"line":34,"column":45},"end":{"line":40,"column":null}},"line":34},"8":{"name":"(anonymous_8)","decl":{"start":{"line":35,"column":13},"end":{"line":35,"column":14}},"loc":{"start":{"line":35,"column":24},"end":{"line":39,"column":6}},"line":35},"9":{"name":"(anonymous_9)","decl":{"start":{"line":42,"column":28},"end":{"line":42,"column":29}},"loc":{"start":{"line":42,"column":40},"end":{"line":48,"column":null}},"line":42},"10":{"name":"(anonymous_10)","decl":{"start":{"line":43,"column":13},"end":{"line":43,"column":14}},"loc":{"start":{"line":43,"column":24},"end":{"line":47,"column":6}},"line":43},"11":{"name":"(anonymous_11)","decl":{"start":{"line":50,"column":21},"end":{"line":50,"column":27}},"loc":{"start":{"line":50,"column":27},"end":{"line":83,"column":null}},"line":50},"12":{"name":"(anonymous_12)","decl":{"start":{"line":62,"column":20},"end":{"line":62,"column":26}},"loc":{"start":{"line":62,"column":26},"end":{"line":62,"column":null}},"line":62},"13":{"name":"(anonymous_13)","decl":{"start":{"line":70,"column":20},"end":{"line":70,"column":26}},"loc":{"start":{"line":70,"column":26},"end":{"line":70,"column":null}},"line":70},"14":{"name":"(anonymous_14)","decl":{"start":{"line":75,"column":37},"end":{"line":75,"column":43}},"loc":{"start":{"line":75,"column":43},"end":{"line":75,"column":64}},"line":75},"15":{"name":"(anonymous_15)","decl":{"start":{"line":78,"column":29},"end":{"line":78,"column":35}},"loc":{"start":{"line":78,"column":35},"end":{"line":78,"column":56}},"line":78}},"branchMap":{"0":{"loc":{"start":{"line":21,"column":4},"end":{"line":25,"column":null}},"type":"if","locations":[{"start":{"line":21,"column":4},"end":{"line":25,"column":null}},{"start":{"line":23,"column":11},"end":{"line":25,"column":null}}],"line":21},"1":{"loc":{"start":{"line":51,"column":4},"end":{"line":82,"column":null}},"type":"switch","locations":[{"start":{"line":52,"column":6},"end":{"line":53,"column":null}},{"start":{"line":55,"column":6},"end":{"line":56,"column":null}},{"start":{"line":58,"column":6},"end":{"line":63,"column":null}},{"start":{"line":66,"column":6},"end":{"line":71,"column":null}},{"start":{"line":74,"column":6},"end":{"line":75,"column":null}},{"start":{"line":77,"column":6},"end":{"line":78,"column":null}},{"start":{"line":80,"column":6},"end":{"line":81,"column":null}}],"line":51},"2":{"loc":{"start":{"line":88,"column":8},"end":{"line":88,"column":null}},"type":"cond-expr","locations":[{"start":{"line":88,"column":23},"end":{"line":88,"column":53}},{"start":{"line":88,"column":53},"end":{"line":88,"column":null}}],"line":88}},"s":{"0":0,"1":0,"2":0,"3":0,"4":0,"5":0,"6":0,"7":0,"8":0,"9":0,"10":0,"11":0,"12":0,"13":0,"14":0,"15":0,"16":0,"17":0,"18":0,"19":0,"20":0,"21":0,"22":0,"23":0,"24":0,"25":0,"26":0,"27":0,"28":0,"29":0,"30":0,"31":0,"32":0},"f":{"0":0,"1":0,"2":0,"3":0,"4":0,"5":0,"6":0,"7":0,"8":0,"9":0,"10":0,"11":0,"12":0,"13":0,"14":0,"15":0},"b":{"0":[0,0],"1":[0,0,0,0,0,0,0],"2":[0,0]},"meta":{"lastBranch":3,"lastFunction":16,"lastStatement":33,"seen":{"s:11:12:105:Infinity":0,"f:11:12:11:18":0,"s:12:24:18:Infinity":1,"f:12:37:12:43":1,"s:13:4:17:Infinity":2,"s:20:2:26:Infinity":3,"f:20:12:20:18":2,"b:21:4:25:Infinity:23:11:25:Infinity":0,"s:21:4:25:Infinity":4,"s:22:6:22:Infinity":5,"s:24:6:24:Infinity":6,"s:28:19:29:Infinity":7,"f:28:19:28:20":3,"s:29:4:29:Infinity":8,"f:29:13:29:14":4,"s:29:24:29:55":9,"s:31:22:32:Infinity":10,"f:31:22:31:Infinity":5,"s:32:4:32:Infinity":11,"f:32:13:32:14":6,"s:32:24:32:58":12,"s:34:33:40:Infinity":13,"f:34:33:34:34":7,"s:35:4:39:Infinity":14,"f:35:13:35:14":8,"s:35:24:39:6":15,"s:42:28:48:Infinity":16,"f:42:28:42:29":9,"s:43:4:47:Infinity":17,"f:43:13:43:14":10,"s:43:24:47:6":18,"s:50:21:83:Infinity":19,"f:50:21:50:27":11,"b:52:6:53:Infinity:55:6:56:Infinity:58:6:63:Infinity:66:6:71:Infinity:74:6:75:Infinity:77:6:78:Infinity:80:6:81:Infinity":1,"s:51:4:82:Infinity":20,"s:53:8:53:Infinity":21,"s:56:8:56:Infinity":22,"s:59:8:63:Infinity":23,"f:62:20:62:26":12,"s:62:26:62:Infinity":24,"s:67:8:71:Infinity":25,"f:70:20:70:26":13,"s:70:26:70:Infinity":26,"s:75:8:75:Infinity":27,"f:75:37:75:43":14,"s:75:43:75:64":28,"s:78:8:78:Infinity":29,"f:78:29:78:35":15,"s:78:35:78:56":30,"s:81:8:81:Infinity":31,"s:85:2:103:Infinity":32,"b:88:23:88:53:88:53:88:Infinity":2}}}
,"/Users/nadunalgoda/Desktop/aeo-content-analyzer-dev/frontend/src/constants.jsx": {"path":"/Users/nadunalgoda/Desktop/aeo-content-analyzer-dev/frontend/src/constants.jsx","statementMap":{"0":{"start":{"line":4,"column":22},"end":{"line":6,"column":null}},"1":{"start":{"line":9,"column":22},"end":{"line":24,"column":null}},"2":{"start":{"line":10,"column":2},"end":{"line":24,"column":null}},"3":{"start":{"line":26,"column":0},"end":{"line":26,"column":null}},"4":{"start":{"line":29,"column":24},"end":{"line":47,"column":null}},"5":{"start":{"line":30,"column":2},"end":{"line":47,"column":null}},"6":{"start":{"line":49,"column":0},"end":{"line":49,"column":null}},"7":{"start":{"line":52,"column":23},"end":{"line":68,"column":null}},"8":{"start":{"line":53,"column":2},"end":{"line":68,"column":null}},"9":{"start":{"line":70,"column":0},"end":{"line":70,"column":null}},"10":{"start":{"line":73,"column":27},"end":{"line":88,"column":null}},"11":{"start":{"line":74,"column":2},"end":{"line":88,"column":null}},"12":{"start":{"line":90,"column":0},"end":{"line":90,"column":null}},"13":{"start":{"line":93,"column":23},"end":{"line":109,"column":null}},"14":{"start":{"line":94,"column":2},"end":{"line":109,"column":null}},"15":{"start":{"line":111,"column":0},"end":{"line":111,"column":null}},"16":{"start":{"line":114,"column":27},"end":{"line":130,"column":null}},"17":{"start":{"line":115,"column":2},"end":{"line":130,"column":null}},"18":{"start":{"line":132,"column":0},"end":{"line":132,"column":null}},"19":{"start":{"line":135,"column":26},"end":{"line":150,"column":null}},"20":{"start":{"line":136,"column":2},"end":{"line":150,"column":null}},"21":{"start":{"line":152,"column":0},"end":{"line":152,"column":null}},"22":{"start":{"line":155,"column":20},"end":{"line":170,"column":null}},"23":{"start":{"line":156,"column":2},"end":{"line":170,"column":null}},"24":{"start":{"line":172,"column":0},"end":{"line":172,"column":null}},"25":{"start":{"line":175,"column":19},"end":{"line":197,"column":null}},"26":{"start":{"line":176,"column":2},"end":{"line":197,"column":null}},"27":{"start":{"line":199,"column":0},"end":{"line":199,"column":null}},"28":{"start":{"line":202,"column":20},"end":{"line":216,"column":null}},"29":{"start":{"line":203,"column":2},"end":{"line":216,"column":null}},"30":{"start":{"line":218,"column":0},"end":{"line":218,"column":null}},"31":{"start":{"line":220,"column":21},"end":{"line":231,"column":null}}},"fnMap":{"0":{"name":"(anonymous_0)","decl":{"start":{"line":9,"column":22},"end":{"line":9,"column":23}},"loc":{"start":{"line":10,"column":2},"end":{"line":24,"column":null}},"line":10},"1":{"name":"(anonymous_1)","decl":{"start":{"line":29,"column":24},"end":{"line":29,"column":25}},"loc":{"start":{"line":30,"column":2},"end":{"line":47,"column":null}},"line":30},"2":{"name":"(anonymous_2)","decl":{"start":{"line":52,"column":23},"end":{"line":52,"column":24}},"loc":{"start":{"line":53,"column":2},"end":{"line":68,"column":null}},"line":53},"3":{"name":"(anonymous_3)","decl":{"start":{"line":73,"column":27},"end":{"line":73,"column":28}},"loc":{"start":{"line":74,"column":2},"end":{"line":88,"column":null}},"line":74},"4":{"name":"(anonymous_4)","decl":{"start":{"line":93,"column":23},"end":{"line":93,"column":24}},"loc":{"start":{"line":94,"column":2},"end":{"line":109,"column":null}},"line":94},"5":{"name":"(anonymous_5)","decl":{"start":{"line":114,"column":27},"end":{"line":114,"column":28}},"loc":{"start":{"line":115,"column":2},"end":{"line":130,"column":null}},"line":115},"6":{"name":"(anonymous_6)","decl":{"start":{"line":135,"column":26},"end":{"line":135,"column":27}},"loc":{"start":{"line":136,"column":2},"end":{"line":150,"column":null}},"line":136},"7":{"name":"(anonymous_7)","decl":{"start":{"line":155,"column":20},"end":{"line":155,"column":21}},"loc":{"start":{"line":156,"column":2},"end":{"line":170,"column":null}},"line":156},"8":{"name":"(anonymous_8)","decl":{"start":{"line":175,"column":19},"end":{"line":175,"column":20}},"loc":{"start":{"line":176,"column":2},"end":{"line":197,"column":null}},"line":176},"9":{"name":"(anonymous_9)","decl":{"start":{"line":202,"column":20},"end":{"line":202,"column":21}},"loc":{"start":{"line":203,"column":2},"end":{"line":216,"column":null}},"line":203}},"branchMap":{},"s":{"0":0,"1":0,"2":0,"3":0,"4":0,"5":0,"6":0,"7":0,"8":0,"9":0,"10":0,"11":0,"12":0,"13":0,"14":0,"15":0,"16":0,"17":0,"18":0,"19":0,"20":0,"21":0,"22":0,"23":0,"24":0,"25":0,"26":0,"27":0,"28":0,"29":0,"30":0,"31":0},"f":{"0":0,"1":0,"2":0,"3":0,"4":0,"5":0,"6":0,"7":0,"8":0,"9":0},"b":{},"meta":{"lastBranch":0,"lastFunction":10,"lastStatement":32,"seen":{"s:4:22:6:Infinity":0,"s:9:22:24:Infinity":1,"f:9:22:9:23":0,"s:10:2:24:Infinity":2,"s:26:0:26:Infinity":3,"s:29:24:47:Infinity":4,"f:29:24:29:25":1,"s:30:2:47:Infinity":5,"s:49:0:49:Infinity":6,"s:52:23:68:Infinity":7,"f:52:23:52:24":2,"s:53:2:68:Infinity":8,"s:70:0:70:Infinity":9,"s:73:27:88:Infinity":10,"f:73:27:73:28":3,"s:74:2:88:Infinity":11,"s:90:0:90:Infinity":12,"s:93:23:109:Infinity":13,"f:93:23:93:24":4,"s:94:2:109:Infinity":14,"s:111:0:111:Infinity":15,"s:114:27:130:Infinity":16,"f:114:27:114:28":5,"s:115:2:130:Infinity":17,"s:132:0:132:Infinity":18,"s:135:26:150:Infinity":19,"f:135:26:135:27":6,"s:136:2:150:Infinity":20,"s:152:0:152:Infinity":21,"s:155:20:170:Infinity":22,"f:155:20:155:21":7,"s:156:2:170:Infinity":23,"s:172:0:172:Infinity":24,"s:175:19:197:Infinity":25,"f:175:19:175:20":8,"s:176:2:197:Infinity":26,"s:199:0:199:Infinity":27,"s:202:20:216:Infinity":28,"f:202:20:202:21":9,"s:203:2:216:Infinity":29,"s:218:0:218:Infinity":30,"s:220:21:231:Infinity":31}}}
,"/Users/nadunalgoda/Desktop/aeo-content-analyzer-dev/frontend/src/components/Footer.jsx": {"path":"/Users/nadunalgoda/Desktop/aeo-content-analyzer-dev/frontend/src/components/Footer.jsx","statementMap":{"0":{"start":{"line":4,"column":15},"end":{"line":233,"column":null}},"1":{"start":{"line":5,"column":8},"end":{"line":5,"column":null}},"2":{"start":{"line":6,"column":40},"end":{"line":6,"column":null}},"3":{"start":{"line":7,"column":32},"end":{"line":7,"column":null}},"4":{"start":{"line":8,"column":8},"end":{"line":8,"column":null}},"5":{"start":{"line":10,"column":2},"end":{"line":16,"column":null}},"6":{"start":{"line":11,"column":25},"end":{"line":13,"column":null}},"7":{"start":{"line":12,"column":6},"end":{"line":12,"column":null}},"8":{"start":{"line":14,"column":4},"end":{"line":14,"column":null}},"9":{"start":{"line":15,"column":4},"end":{"line":15,"column":null}},"10":{"start":{"line":15,"column":17},"end":{"line":15,"column":null}},"11":{"start":{"line":18,"column":2},"end":{"line":27,"column":null}},"12":{"start":{"line":19,"column":21},"end":{"line":24,"column":null}},"13":{"start":{"line":21,"column":8},"end":{"line":21,"column":null}},"14":{"start":{"line":21,"column":35},"end":{"line":21,"column":69}},"15":{"start":{"line":25,"column":4},"end":{"line":25,"column":null}},"16":{"start":{"line":25,"column":27},"end":{"line":25,"column":null}},"17":{"start":{"line":26,"column":4},"end":{"line":26,"column":null}},"18":{"start":{"line":26,"column":17},"end":{"line":26,"column":null}},"19":{"start":{"line":29,"column":22},"end":{"line":31,"column":null}},"20":{"start":{"line":30,"column":4},"end":{"line":30,"column":null}},"21":{"start":{"line":33,"column":22},"end":{"line":92,"column":null}},"22":{"start":{"line":94,"column":2},"end":{"line":231,"column":null}},"23":{"start":{"line":112,"column":31},"end":{"line":112,"column":null}},"24":{"start":{"line":132,"column":29},"end":{"line":132,"column":null}},"25":{"start":{"line":145,"column":16},"end":{"line":166,"column":null}},"26":{"start":{"line":185,"column":20},"end":{"line":197,"column":null}},"27":{"start":{"line":235,"column":0},"end":{"line":237,"column":null}}},"fnMap":{"0":{"name":"(anonymous_0)","decl":{"start":{"line":4,"column":15},"end":{"line":4,"column":16}},"loc":{"start":{"line":4,"column":35},"end":{"line":233,"column":null}},"line":4},"1":{"name":"(anonymous_1)","decl":{"start":{"line":10,"column":12},"end":{"line":10,"column":18}},"loc":{"start":{"line":10,"column":18},"end":{"line":16,"column":5}},"line":10},"2":{"name":"(anonymous_2)","decl":{"start":{"line":11,"column":25},"end":{"line":11,"column":31}},"loc":{"start":{"line":11,"column":31},"end":{"line":13,"column":null}},"line":11},"3":{"name":"(anonymous_3)","decl":{"start":{"line":15,"column":11},"end":{"line":15,"column":17}},"loc":{"start":{"line":15,"column":17},"end":{"line":15,"column":null}},"line":15},"4":{"name":"(anonymous_4)","decl":{"start":{"line":18,"column":12},"end":{"line":18,"column":18}},"loc":{"start":{"line":18,"column":18},"end":{"line":27,"column":5}},"line":18},"5":{"name":"(anonymous_5)","decl":{"start":{"line":20,"column":6},"end":{"line":20,"column":7}},"loc":{"start":{"line":20,"column":19},"end":{"line":22,"column":null}},"line":20},"6":{"name":"(anonymous_6)","decl":{"start":{"line":21,"column":24},"end":{"line":21,"column":25}},"loc":{"start":{"line":21,"column":35},"end":{"line":21,"column":69}},"line":21},"7":{"name":"(anonymous_7)","decl":{"start":{"line":26,"column":11},"end":{"line":26,"column":17}},"loc":{"start":{"line":26,"column":17},"end":{"line":26,"column":null}},"line":26},"8":{"name":"(anonymous_8)","decl":{"start":{"line":29,"column":22},"end":{"line":29,"column":28}},"loc":{"start":{"line":29,"column":28},"end":{"line":31,"column":null}},"line":29},"9":{"name":"(anonymous_9)","decl":{"start":{"line":112,"column":25},"end":{"line":112,"column":31}},"loc":{"start":{"line":112,"column":31},"end":{"line":112,"column":null}},"line":112},"10":{"name":"(anonymous_10)","decl":{"start":{"line":132,"column":23},"end":{"line":132,"column":29}},"loc":{"start":{"line":132,"column":29},"end":{"line":132,"column":null}},"line":132},"11":{"name":"(anonymous_11)","decl":{"start":{"line":144,"column":31},"end":{"line":144,"column":32}},"loc":{"start":{"line":145,"column":16},"end":{"line":166,"column":null}},"line":145},"12":{"name":"(anonymous_12)","decl":{"start":{"line":184,"column":18},"end":{"line":184,"column":19}},"loc":{"start":{"line":185,"column":20},"end":{"line":197,"column":null}},"line":185}},"branchMap":{"0":{"loc":{"start":{"line":25,"column":4},"end":{"line":25,"column":null}},"type":"if","locations":[{"start":{"line":25,"column":4},"end":{"line":25,"column":null}},{"start":{},"end":{}}],"line":25},"1":{"loc":{"start":{"line":104,"column":16},"end":{"line":106,"column":null}},"type":"cond-expr","locations":[{"start":{"line":105,"column":20},"end":{"line":105,"column":null}},{"start":{"line":106,"column":20},"end":{"line":106,"column":null}}],"line":104},"2":{"loc":{"start":{"line":148,"column":26},"end":{"line":148,"column":null}},"type":"cond-expr","locations":[{"start":{"line":148,"column":59},"end":{"line":148,"column":70}},{"start":{"line":148,"column":70},"end":{"line":148,"column":null}}],"line":148},"3":{"loc":{"start":{"line":150,"column":20},"end":{"line":152,"column":null}},"type":"cond-expr","locations":[{"start":{"line":151,"column":24},"end":{"line":151,"column":null}},{"start":{"line":152,"column":24},"end":{"line":152,"column":null}}],"line":150},"4":{"loc":{"start":{"line":157,"column":20},"end":{"line":157,"column":null}},"type":"cond-expr","locations":[{"start":{"line":157,"column":32},"end":{"line":157,"column":58}},{"start":{"line":157,"column":58},"end":{"line":157,"column":null}}],"line":157},"5":{"loc":{"start":{"line":173,"column":16},"end":{"line":175,"column":null}},"type":"cond-expr","locations":[{"start":{"line":174,"column":20},"end":{"line":174,"column":null}},{"start":{"line":175,"column":20},"end":{"line":175,"column":null}}],"line":173},"6":{"loc":{"start":{"line":192,"column":23},"end":{"line":195,"column":null}},"type":"binary-expr","locations":[{"start":{"line":192,"column":23},"end":{"line":192,"column":null}},{"start":{"line":193,"column":24},"end":{"line":195,"column":null}}],"line":192},"7":{"loc":{"start":{"line":210,"column":10},"end":{"line":212,"column":null}},"type":"cond-expr","locations":[{"start":{"line":211,"column":14},"end":{"line":211,"column":null}},{"start":{"line":212,"column":14},"end":{"line":212,"column":null}}],"line":210}},"s":{"0":0,"1":0,"2":0,"3":0,"4":0,"5":0,"6":0,"7":0,"8":0,"9":0,"10":0,"11":0,"12":0,"13":0,"14":0,"15":0,"16":0,"17":0,"18":0,"19":0,"20":0,"21":0,"22":0,"23":0,"24":0,"25":0,"26":0,"27":0},"f":{"0":0,"1":0,"2":0,"3":0,"4":0,"5":0,"6":0,"7":0,"8":0,"9":0,"10":0,"11":0,"12":0},"b":{"0":[0,0],"1":[0,0],"2":[0,0],"3":[0,0],"4":[0,0],"5":[0,0],"6":[0,0],"7":[0,0]},"meta":{"lastBranch":8,"lastFunction":13,"lastStatement":28,"seen":{"s:4:15:233:Infinity":0,"f:4:15:4:16":0,"s:5:8:5:Infinity":1,"s:6:40:6:Infinity":2,"s:7:32:7:Infinity":3,"s:8:8:8:Infinity":4,"s:10:2:16:Infinity":5,"f:10:12:10:18":1,"s:11:25:13:Infinity":6,"f:11:25:11:31":2,"s:12:6:12:Infinity":7,"s:14:4:14:Infinity":8,"s:15:4:15:Infinity":9,"f:15:11:15:17":3,"s:15:17:15:Infinity":10,"s:18:2:27:Infinity":11,"f:18:12:18:18":4,"s:19:21:24:Infinity":12,"f:20:6:20:7":5,"s:21:8:21:Infinity":13,"f:21:24:21:25":6,"s:21:35:21:69":14,"b:25:4:25:Infinity:undefined:undefined:undefined:undefined":0,"s:25:4:25:Infinity":15,"s:25:27:25:Infinity":16,"s:26:4:26:Infinity":17,"f:26:11:26:17":7,"s:26:17:26:Infinity":18,"s:29:22:31:Infinity":19,"f:29:22:29:28":8,"s:30:4:30:Infinity":20,"s:33:22:92:Infinity":21,"s:94:2:231:Infinity":22,"b:105:20:105:Infinity:106:20:106:Infinity":1,"f:112:25:112:31":9,"s:112:31:112:Infinity":23,"f:132:23:132:29":10,"s:132:29:132:Infinity":24,"f:144:31:144:32":11,"s:145:16:166:Infinity":25,"b:148:59:148:70:148:70:148:Infinity":2,"b:151:24:151:Infinity:152:24:152:Infinity":3,"b:157:32:157:58:157:58:157:Infinity":4,"b:174:20:174:Infinity:175:20:175:Infinity":5,"f:184:18:184:19":12,"s:185:20:197:Infinity":26,"b:192:23:192:Infinity:193:24:195:Infinity":6,"b:211:14:211:Infinity:212:14:212:Infinity":7,"s:235:0:237:Infinity":27}}}
,"/Users/nadunalgoda/Desktop/aeo-content-analyzer-dev/frontend/src/components/Navbar.jsx": {"path":"/Users/nadunalgoda/Desktop/aeo-content-analyzer-dev/frontend/src/components/Navbar.jsx","statementMap":{"0":{"start":{"line":4,"column":15},"end":{"line":141,"column":null}},"1":{"start":{"line":5,"column":46},"end":{"line":5,"column":null}},"2":{"start":{"line":6,"column":34},"end":{"line":6,"column":null}},"3":{"start":{"line":7,"column":32},"end":{"line":7,"column":null}},"4":{"start":{"line":10,"column":2},"end":{"line":13,"column":null}},"5":{"start":{"line":11,"column":18},"end":{"line":11,"column":null}},"6":{"start":{"line":11,"column":35},"end":{"line":11,"column":55}},"7":{"start":{"line":12,"column":4},"end":{"line":12,"column":null}},"8":{"start":{"line":12,"column":17},"end":{"line":12,"column":null}},"9":{"start":{"line":16,"column":2},"end":{"line":23,"column":null}},"10":{"start":{"line":17,"column":25},"end":{"line":19,"column":null}},"11":{"start":{"line":18,"column":6},"end":{"line":18,"column":null}},"12":{"start":{"line":21,"column":4},"end":{"line":21,"column":null}},"13":{"start":{"line":22,"column":4},"end":{"line":22,"column":null}},"14":{"start":{"line":22,"column":17},"end":{"line":22,"column":null}},"15":{"start":{"line":25,"column":19},"end":{"line":31,"column":null}},"16":{"start":{"line":33,"column":28},"end":{"line":38,"column":null}},"17":{"start":{"line":34,"column":4},"end":{"line":36,"column":null}},"18":{"start":{"line":35,"column":6},"end":{"line":35,"column":null}},"19":{"start":{"line":37,"column":4},"end":{"line":37,"column":null}},"20":{"start":{"line":40,"column":2},"end":{"line":139,"column":null}},"21":{"start":{"line":56,"column":12},"end":{"line":56,"column":null}},"22":{"start":{"line":57,"column":12},"end":{"line":57,"column":null}},"23":{"start":{"line":73,"column":12},"end":{"line":80,"column":null}},"24":{"start":{"line":75,"column":29},"end":{"line":75,"column":null}},"25":{"start":{"line":86,"column":25},"end":{"line":86,"column":null}},"26":{"start":{"line":121,"column":12},"end":{"line":135,"column":null}},"27":{"start":{"line":124,"column":16},"end":{"line":124,"column":null}},"28":{"start":{"line":125,"column":16},"end":{"line":125,"column":null}},"29":{"start":{"line":143,"column":0},"end":{"line":146,"column":null}}},"fnMap":{"0":{"name":"(anonymous_0)","decl":{"start":{"line":4,"column":15},"end":{"line":4,"column":16}},"loc":{"start":{"line":4,"column":48},"end":{"line":141,"column":null}},"line":4},"1":{"name":"(anonymous_1)","decl":{"start":{"line":10,"column":12},"end":{"line":10,"column":18}},"loc":{"start":{"line":10,"column":18},"end":{"line":13,"column":5}},"line":10},"2":{"name":"(anonymous_2)","decl":{"start":{"line":11,"column":29},"end":{"line":11,"column":35}},"loc":{"start":{"line":11,"column":35},"end":{"line":11,"column":55}},"line":11},"3":{"name":"(anonymous_3)","decl":{"start":{"line":12,"column":11},"end":{"line":12,"column":17}},"loc":{"start":{"line":12,"column":17},"end":{"line":12,"column":null}},"line":12},"4":{"name":"(anonymous_4)","decl":{"start":{"line":16,"column":12},"end":{"line":16,"column":18}},"loc":{"start":{"line":16,"column":18},"end":{"line":23,"column":5}},"line":16},"5":{"name":"(anonymous_5)","decl":{"start":{"line":17,"column":25},"end":{"line":17,"column":31}},"loc":{"start":{"line":17,"column":31},"end":{"line":19,"column":null}},"line":17},"6":{"name":"(anonymous_6)","decl":{"start":{"line":22,"column":11},"end":{"line":22,"column":17}},"loc":{"start":{"line":22,"column":17},"end":{"line":22,"column":null}},"line":22},"7":{"name":"(anonymous_7)","decl":{"start":{"line":33,"column":28},"end":{"line":33,"column":29}},"loc":{"start":{"line":33,"column":40},"end":{"line":38,"column":null}},"line":33},"8":{"name":"(anonymous_8)","decl":{"start":{"line":55,"column":19},"end":{"line":55,"column":25}},"loc":{"start":{"line":55,"column":25},"end":{"line":58,"column":null}},"line":55},"9":{"name":"(anonymous_9)","decl":{"start":{"line":72,"column":24},"end":{"line":72,"column":25}},"loc":{"start":{"line":73,"column":12},"end":{"line":80,"column":null}},"line":73},"10":{"name":"(anonymous_10)","decl":{"start":{"line":75,"column":23},"end":{"line":75,"column":29}},"loc":{"start":{"line":75,"column":29},"end":{"line":75,"column":null}},"line":75},"11":{"name":"(anonymous_11)","decl":{"start":{"line":86,"column":19},"end":{"line":86,"column":25}},"loc":{"start":{"line":86,"column":25},"end":{"line":86,"column":null}},"line":86},"12":{"name":"(anonymous_12)","decl":{"start":{"line":120,"column":24},"end":{"line":120,"column":25}},"loc":{"start":{"line":121,"column":12},"end":{"line":135,"column":null}},"line":121},"13":{"name":"(anonymous_13)","decl":{"start":{"line":123,"column":23},"end":{"line":123,"column":29}},"loc":{"start":{"line":123,"column":29},"end":{"line":126,"column":null}},"line":123}},"branchMap":{"0":{"loc":{"start":{"line":34,"column":4},"end":{"line":36,"column":null}},"type":"if","locations":[{"start":{"line":34,"column":4},"end":{"line":36,"column":null}},{"start":{},"end":{}}],"line":34},"1":{"loc":{"start":{"line":43,"column":8},"end":{"line":43,"column":null}},"type":"cond-expr","locations":[{"start":{"line":43,"column":20},"end":{"line":43,"column":50}},{"start":{"line":43,"column":50},"end":{"line":43,"column":null}}],"line":43},"2":{"loc":{"start":{"line":48,"column":10},"end":{"line":50,"column":null}},"type":"cond-expr","locations":[{"start":{"line":49,"column":14},"end":{"line":49,"column":null}},{"start":{"line":50,"column":14},"end":{"line":50,"column":null}}],"line":48},"3":{"loc":{"start":{"line":77,"column":28},"end":{"line":77,"column":null}},"type":"cond-expr","locations":[{"start":{"line":77,"column":54},"end":{"line":77,"column":63}},{"start":{"line":77,"column":63},"end":{"line":77,"column":null}}],"line":77},"4":{"loc":{"start":{"line":94,"column":16},"end":{"line":94,"column":null}},"type":"cond-expr","locations":[{"start":{"line":94,"column":35},"end":{"line":94,"column":55}},{"start":{"line":94,"column":55},"end":{"line":94,"column":null}}],"line":94},"5":{"loc":{"start":{"line":99,"column":16},"end":{"line":99,"column":null}},"type":"cond-expr","locations":[{"start":{"line":99,"column":35},"end":{"line":99,"column":49}},{"start":{"line":99,"column":49},"end":{"line":99,"column":null}}],"line":99},"6":{"loc":{"start":{"line":104,"column":16},"end":{"line":104,"column":null}},"type":"cond-expr","locations":[{"start":{"line":104,"column":35},"end":{"line":104,"column":56}},{"start":{"line":104,"column":56},"end":{"line":104,"column":null}}],"line":104},"7":{"loc":{"start":{"line":114,"column":10},"end":{"line":116,"column":null}},"type":"cond-expr","locations":[{"start":{"line":115,"column":14},"end":{"line":115,"column":null}},{"start":{"line":116,"column":14},"end":{"line":116,"column":null}}],"line":114},"8":{"loc":{"start":{"line":128,"column":16},"end":{"line":130,"column":null}},"type":"cond-expr","locations":[{"start":{"line":129,"column":20},"end":{"line":129,"column":null}},{"start":{"line":130,"column":20},"end":{"line":130,"column":null}}],"line":128},"9":{"loc":{"start":{"line":132,"column":28},"end":{"line":132,"column":null}},"type":"cond-expr","locations":[{"start":{"line":132,"column":54},"end":{"line":132,"column":63}},{"start":{"line":132,"column":63},"end":{"line":132,"column":null}}],"line":132}},"s":{"0":0,"1":0,"2":0,"3":0,"4":0,"5":0,"6":0,"7":0,"8":0,"9":0,"10":0,"11":0,"12":0,"13":0,"14":0,"15":0,"16":0,"17":0,"18":0,"19":0,"20":0,"21":0,"22":0,"23":0,"24":0,"25":0,"26":0,"27":0,"28":0,"29":0},"f":{"0":0,"1":0,"2":0,"3":0,"4":0,"5":0,"6":0,"7":0,"8":0,"9":0,"10":0,"11":0,"12":0,"13":0},"b":{"0":[0,0],"1":[0,0],"2":[0,0],"3":[0,0],"4":[0,0],"5":[0,0],"6":[0,0],"7":[0,0],"8":[0,0],"9":[0,0]},"meta":{"lastBranch":10,"lastFunction":14,"lastStatement":30,"seen":{"s:4:15:141:Infinity":0,"f:4:15:4:16":0,"s:5:46:5:Infinity":1,"s:6:34:6:Infinity":2,"s:7:32:7:Infinity":3,"s:10:2:13:Infinity":4,"f:10:12:10:18":1,"s:11:18:11:Infinity":5,"f:11:29:11:35":2,"s:11:35:11:55":6,"s:12:4:12:Infinity":7,"f:12:11:12:17":3,"s:12:17:12:Infinity":8,"s:16:2:23:Infinity":9,"f:16:12:16:18":4,"s:17:25:19:Infinity":10,"f:17:25:17:31":5,"s:18:6:18:Infinity":11,"s:21:4:21:Infinity":12,"s:22:4:22:Infinity":13,"f:22:11:22:17":6,"s:22:17:22:Infinity":14,"s:25:19:31:Infinity":15,"s:33:28:38:Infinity":16,"f:33:28:33:29":7,"b:34:4:36:Infinity:undefined:undefined:undefined:undefined":0,"s:34:4:36:Infinity":17,"s:35:6:35:Infinity":18,"s:37:4:37:Infinity":19,"s:40:2:139:Infinity":20,"b:43:20:43:50:43:50:43:Infinity":1,"b:49:14:49:Infinity:50:14:50:Infinity":2,"f:55:19:55:25":8,"s:56:12:56:Infinity":21,"s:57:12:57:Infinity":22,"f:72:24:72:25":9,"s:73:12:80:Infinity":23,"f:75:23:75:29":10,"s:75:29:75:Infinity":24,"b:77:54:77:63:77:63:77:Infinity":3,"f:86:19:86:25":11,"s:86:25:86:Infinity":25,"b:94:35:94:55:94:55:94:Infinity":4,"b:99:35:99:49:99:49:99:Infinity":5,"b:104:35:104:56:104:56:104:Infinity":6,"b:115:14:115:Infinity:116:14:116:Infinity":7,"f:120:24:120:25":12,"s:121:12:135:Infinity":26,"f:123:23:123:29":13,"s:124:16:124:Infinity":27,"s:125:16:125:Infinity":28,"b:129:20:129:Infinity:130:20:130:Infinity":8,"b:132:54:132:63:132:63:132:Infinity":9,"s:143:0:146:Infinity":29}}}
,"/Users/nadunalgoda/Desktop/aeo-content-analyzer-dev/frontend/src/pages/Analyzer.jsx": {"path":"/Users/nadunalgoda/Desktop/aeo-content-analyzer-dev/frontend/src/pages/Analyzer.jsx","statementMap":{"0":{"start":{"line":6,"column":17},"end":{"line":392,"column":null}},"1":{"start":{"line":7,"column":32},"end":{"line":7,"column":null}},"2":{"start":{"line":8,"column":34},"end":{"line":8,"column":null}},"3":{"start":{"line":9,"column":32},"end":{"line":9,"column":null}},"4":{"start":{"line":10,"column":34},"end":{"line":10,"column":null}},"5":{"start":{"line":11,"column":24},"end":{"line":11,"column":null}},"6":{"start":{"line":12,"column":32},"end":{"line":12,"column":null}},"7":{"start":{"line":13,"column":36},"end":{"line":13,"column":null}},"8":{"start":{"line":14,"column":8},"end":{"line":14,"column":null}},"9":{"start":{"line":16,"column":23},"end":{"line":22,"column":null}},"10":{"start":{"line":25,"column":2},"end":{"line":27,"column":null}},"11":{"start":{"line":26,"column":4},"end":{"line":26,"column":null}},"12":{"start":{"line":26,"column":21},"end":{"line":26,"column":41}},"13":{"start":{"line":30,"column":2},"end":{"line":49,"column":null}},"14":{"start":{"line":31,"column":21},"end":{"line":42,"column":null}},"15":{"start":{"line":33,"column":8},"end":{"line":39,"column":null}},"16":{"start":{"line":34,"column":10},"end":{"line":38,"column":null}},"17":{"start":{"line":35,"column":12},"end":{"line":35,"column":null}},"18":{"start":{"line":37,"column":12},"end":{"line":37,"column":null}},"19":{"start":{"line":44,"column":4},"end":{"line":46,"column":null}},"20":{"start":{"line":45,"column":6},"end":{"line":45,"column":null}},"21":{"start":{"line":48,"column":4},"end":{"line":48,"column":null}},"22":{"start":{"line":48,"column":17},"end":{"line":48,"column":null}},"23":{"start":{"line":51,"column":24},"end":{"line":116,"column":null}},"24":{"start":{"line":52,"column":4},"end":{"line":52,"column":null}},"25":{"start":{"line":55,"column":4},"end":{"line":60,"column":null}},"26":{"start":{"line":56,"column":6},"end":{"line":58,"column":null}},"27":{"start":{"line":59,"column":6},"end":{"line":59,"column":null}},"28":{"start":{"line":63,"column":4},"end":{"line":70,"column":null}},"29":{"start":{"line":64,"column":6},"end":{"line":69,"column":null}},"30":{"start":{"line":65,"column":8},"end":{"line":65,"column":null}},"31":{"start":{"line":67,"column":8},"end":{"line":67,"column":null}},"32":{"start":{"line":68,"column":8},"end":{"line":68,"column":null}},"33":{"start":{"line":73,"column":4},"end":{"line":82,"column":null}},"34":{"start":{"line":74,"column":6},"end":{"line":77,"column":null}},"35":{"start":{"line":75,"column":8},"end":{"line":75,"column":null}},"36":{"start":{"line":76,"column":8},"end":{"line":76,"column":null}},"37":{"start":{"line":78,"column":6},"end":{"line":81,"column":null}},"38":{"start":{"line":79,"column":8},"end":{"line":79,"column":null}},"39":{"start":{"line":80,"column":8},"end":{"line":80,"column":null}},"40":{"start":{"line":85,"column":4},"end":{"line":85,"column":null}},"41":{"start":{"line":88,"column":21},"end":{"line":90,"column":null}},"42":{"start":{"line":89,"column":6},"end":{"line":89,"column":null}},"43":{"start":{"line":89,"column":23},"end":{"line":89,"column":52}},"44":{"start":{"line":92,"column":4},"end":{"line":115,"column":null}},"45":{"start":{"line":94,"column":21},"end":{"line":94,"column":null}},"46":{"start":{"line":97,"column":6},"end":{"line":97,"column":null}},"47":{"start":{"line":100,"column":6},"end":{"line":100,"column":null}},"48":{"start":{"line":103,"column":6},"end":{"line":103,"column":null}},"49":{"start":{"line":105,"column":6},"end":{"line":105,"column":null}},"50":{"start":{"line":108,"column":6},"end":{"line":111,"column":null}},"51":{"start":{"line":114,"column":6},"end":{"line":114,"column":null}},"52":{"start":{"line":118,"column":18},"end":{"line":137,"column":null}},"53":{"start":{"line":139,"column":2},"end":{"line":163,"column":null}},"54":{"start":{"line":140,"column":4},"end":{"line":161,"column":null}},"55":{"start":{"line":165,"column":2},"end":{"line":390,"column":null}},"56":{"start":{"line":194,"column":14},"end":{"line":194,"column":null}},"57":{"start":{"line":195,"column":14},"end":{"line":195,"column":null}},"58":{"start":{"line":196,"column":14},"end":{"line":196,"column":null}},"59":{"start":{"line":208,"column":14},"end":{"line":208,"column":null}},"60":{"start":{"line":209,"column":14},"end":{"line":209,"column":null}},"61":{"start":{"line":210,"column":14},"end":{"line":210,"column":null}},"62":{"start":{"line":237,"column":20},"end":{"line":237,"column":null}},"63":{"start":{"line":238,"column":20},"end":{"line":238,"column":null}},"64":{"start":{"line":303,"column":18},"end":{"line":303,"column":null}},"65":{"start":{"line":304,"column":18},"end":{"line":304,"column":null}},"66":{"start":{"line":364,"column":12},"end":{"line":386,"column":null}},"67":{"start":{"line":394,"column":0},"end":{"line":396,"column":null}}},"fnMap":{"0":{"name":"(anonymous_0)","decl":{"start":{"line":6,"column":17},"end":{"line":6,"column":18}},"loc":{"start":{"line":6,"column":37},"end":{"line":392,"column":null}},"line":6},"1":{"name":"(anonymous_1)","decl":{"start":{"line":25,"column":12},"end":{"line":25,"column":18}},"loc":{"start":{"line":25,"column":18},"end":{"line":27,"column":5}},"line":25},"2":{"name":"(anonymous_2)","decl":{"start":{"line":26,"column":15},"end":{"line":26,"column":21}},"loc":{"start":{"line":26,"column":21},"end":{"line":26,"column":41}},"line":26},"3":{"name":"(anonymous_3)","decl":{"start":{"line":30,"column":12},"end":{"line":30,"column":18}},"loc":{"start":{"line":30,"column":18},"end":{"line":49,"column":5}},"line":30},"4":{"name":"(anonymous_4)","decl":{"start":{"line":32,"column":6},"end":{"line":32,"column":7}},"loc":{"start":{"line":32,"column":19},"end":{"line":40,"column":null}},"line":32},"5":{"name":"(anonymous_5)","decl":{"start":{"line":33,"column":24},"end":{"line":33,"column":25}},"loc":{"start":{"line":33,"column":35},"end":{"line":39,"column":9}},"line":33},"6":{"name":"(anonymous_6)","decl":{"start":{"line":48,"column":11},"end":{"line":48,"column":17}},"loc":{"start":{"line":48,"column":17},"end":{"line":48,"column":null}},"line":48},"7":{"name":"(anonymous_7)","decl":{"start":{"line":51,"column":24},"end":{"line":51,"column":36}},"loc":{"start":{"line":51,"column":36},"end":{"line":116,"column":null}},"line":51},"8":{"name":"(anonymous_8)","decl":{"start":{"line":88,"column":38},"end":{"line":88,"column":39}},"loc":{"start":{"line":89,"column":6},"end":{"line":89,"column":null}},"line":89},"9":{"name":"(anonymous_9)","decl":{"start":{"line":89,"column":17},"end":{"line":89,"column":23}},"loc":{"start":{"line":89,"column":23},"end":{"line":89,"column":52}},"line":89},"10":{"name":"(anonymous_10)","decl":{"start":{"line":193,"column":21},"end":{"line":193,"column":27}},"loc":{"start":{"line":193,"column":27},"end":{"line":197,"column":null}},"line":193},"11":{"name":"(anonymous_11)","decl":{"start":{"line":207,"column":21},"end":{"line":207,"column":27}},"loc":{"start":{"line":207,"column":27},"end":{"line":211,"column":null}},"line":207},"12":{"name":"(anonymous_12)","decl":{"start":{"line":236,"column":28},"end":{"line":236,"column":29}},"loc":{"start":{"line":236,"column":35},"end":{"line":239,"column":null}},"line":236},"13":{"name":"(anonymous_13)","decl":{"start":{"line":302,"column":26},"end":{"line":302,"column":27}},"loc":{"start":{"line":302,"column":33},"end":{"line":305,"column":null}},"line":302},"14":{"name":"(anonymous_14)","decl":{"start":{"line":363,"column":23},"end":{"line":363,"column":24}},"loc":{"start":{"line":364,"column":12},"end":{"line":386,"column":null}},"line":364}},"branchMap":{"0":{"loc":{"start":{"line":34,"column":10},"end":{"line":38,"column":null}},"type":"if","locations":[{"start":{"line":34,"column":10},"end":{"line":38,"column":null}},{"start":{"line":36,"column":17},"end":{"line":38,"column":null}}],"line":34},"1":{"loc":{"start":{"line":44,"column":4},"end":{"line":46,"column":null}},"type":"if","locations":[{"start":{"line":44,"column":4},"end":{"line":46,"column":null}},{"start":{},"end":{}}],"line":44},"2":{"loc":{"start":{"line":55,"column":4},"end":{"line":60,"column":null}},"type":"if","locations":[{"start":{"line":55,"column":4},"end":{"line":60,"column":null}},{"start":{},"end":{}}],"line":55},"3":{"loc":{"start":{"line":57,"column":35},"end":{"line":57,"column":null}},"type":"cond-expr","locations":[{"start":{"line":57,"column":57},"end":{"line":57,"column":65}},{"start":{"line":57,"column":65},"end":{"line":57,"column":null}}],"line":57},"4":{"loc":{"start":{"line":63,"column":4},"end":{"line":70,"column":null}},"type":"if","locations":[{"start":{"line":63,"column":4},"end":{"line":70,"column":null}},{"start":{},"end":{}}],"line":63},"5":{"loc":{"start":{"line":73,"column":4},"end":{"line":82,"column":null}},"type":"if","locations":[{"start":{"line":73,"column":4},"end":{"line":82,"column":null}},{"start":{},"end":{}}],"line":73},"6":{"loc":{"start":{"line":74,"column":6},"end":{"line":77,"column":null}},"type":"if","locations":[{"start":{"line":74,"column":6},"end":{"line":77,"column":null}},{"start":{},"end":{}}],"line":74},"7":{"loc":{"start":{"line":78,"column":6},"end":{"line":81,"column":null}},"type":"if","locations":[{"start":{"line":78,"column":6},"end":{"line":81,"column":null}},{"start":{},"end":{}}],"line":78},"8":{"loc":{"start":{"line":109,"column":8},"end":{"line":110,"column":null}},"type":"binary-expr","locations":[{"start":{"line":109,"column":8},"end":{"line":109,"column":null}},{"start":{"line":110,"column":10},"end":{"line":110,"column":null}}],"line":109},"9":{"loc":{"start":{"line":139,"column":2},"end":{"line":163,"column":null}},"type":"if","locations":[{"start":{"line":139,"column":2},"end":{"line":163,"column":null}},{"start":{},"end":{}}],"line":139},"10":{"loc":{"start":{"line":169,"column":10},"end":{"line":169,"column":null}},"type":"cond-expr","locations":[{"start":{"line":169,"column":22},"end":{"line":169,"column":52}},{"start":{"line":169,"column":52},"end":{"line":169,"column":null}}],"line":169},"11":{"loc":{"start":{"line":186,"column":10},"end":{"line":186,"column":null}},"type":"cond-expr","locations":[{"start":{"line":186,"column":22},"end":{"line":186,"column":48}},{"start":{"line":186,"column":48},"end":{"line":186,"column":null}}],"line":186},"12":{"loc":{"start":{"line":199,"column":14},"end":{"line":201,"column":null}},"type":"cond-expr","locations":[{"start":{"line":200,"column":18},"end":{"line":200,"column":null}},{"start":{"line":201,"column":18},"end":{"line":201,"column":null}}],"line":199},"13":{"loc":{"start":{"line":213,"column":14},"end":{"line":215,"column":null}},"type":"cond-expr","locations":[{"start":{"line":214,"column":18},"end":{"line":214,"column":null}},{"start":{"line":215,"column":18},"end":{"line":215,"column":null}}],"line":213},"14":{"loc":{"start":{"line":223,"column":11},"end":{"line":346,"column":null}},"type":"cond-expr","locations":[{"start":{"line":224,"column":12},"end":{"line":289,"column":null}},{"start":{"line":291,"column":12},"end":{"line":346,"column":null}}],"line":223},"15":{"loc":{"start":{"line":252,"column":15},"end":{"line":266,"column":null}},"type":"binary-expr","locations":[{"start":{"line":252,"column":15},"end":{"line":252,"column":null}},{"start":{"line":253,"column":16},"end":{"line":266,"column":null}}],"line":252},"16":{"loc":{"start":{"line":320,"column":19},"end":{"line":320,"column":null}},"type":"binary-expr","locations":[{"start":{"line":320,"column":19},"end":{"line":320,"column":45}},{"start":{"line":320,"column":45},"end":{"line":320,"column":null}}],"line":320},"17":{"loc":{"start":{"line":330,"column":15},"end":{"line":344,"column":null}},"type":"binary-expr","locations":[{"start":{"line":330,"column":15},"end":{"line":330,"column":null}},{"start":{"line":331,"column":16},"end":{"line":344,"column":null}}],"line":330},"18":{"loc":{"start":{"line":355,"column":12},"end":{"line":357,"column":null}},"type":"cond-expr","locations":[{"start":{"line":356,"column":16},"end":{"line":356,"column":null}},{"start":{"line":357,"column":16},"end":{"line":357,"column":null}}],"line":355},"19":{"loc":{"start":{"line":367,"column":16},"end":{"line":369,"column":null}},"type":"cond-expr","locations":[{"start":{"line":368,"column":20},"end":{"line":368,"column":null}},{"start":{"line":369,"column":20},"end":{"line":369,"column":null}}],"line":367}},"s":{"0":0,"1":0,"2":0,"3":0,"4":0,"5":0,"6":0,"7":0,"8":0,"9":0,"10":0,"11":0,"12":0,"13":0,"14":0,"15":0,"16":0,"17":0,"18":0,"19":0,"20":0,"21":0,"22":0,"23":0,"24":0,"25":0,"26":0,"27":0,"28":0,"29":0,"30":0,"31":0,"32":0,"33":0,"34":0,"35":0,"36":0,"37":0,"38":0,"39":0,"40":0,"41":0,"42":0,"43":0,"44":0,"45":0,"46":0,"47":0,"48":0,"49":0,"50":0,"51":0,"52":0,"53":0,"54":0,"55":0,"56":0,"57":0,"58":0,"59":0,"60":0,"61":0,"62":0,"63":0,"64":0,"65":0,"66":0,"67":0},"f":{"0":0,"1":0,"2":0,"3":0,"4":0,"5":0,"6":0,"7":0,"8":0,"9":0,"10":0,"11":0,"12":0,"13":0,"14":0},"b":{"0":[0,0],"1":[0,0],"2":[0,0],"3":[0,0],"4":[0,0],"5":[0,0],"6":[0,0],"7":[0,0],"8":[0,0],"9":[0,0],"10":[0,0],"11":[0,0],"12":[0,0],"13":[0,0],"14":[0,0],"15":[0,0],"16":[0,0],"17":[0,0],"18":[0,0],"19":[0,0]},"meta":{"lastBranch":20,"lastFunction":15,"lastStatement":68,"seen":{"s:6:17:392:Infinity":0,"f:6:17:6:18":0,"s:7:32:7:Infinity":1,"s:8:34:8:Infinity":2,"s:9:32:9:Infinity":3,"s:10:34:10:Infinity":4,"s:11:24:11:Infinity":5,"s:12:32:12:Infinity":6,"s:13:36:13:Infinity":7,"s:14:8:14:Infinity":8,"s:16:23:22:Infinity":9,"s:25:2:27:Infinity":10,"f:25:12:25:18":1,"s:26:4:26:Infinity":11,"f:26:15:26:21":2,"s:26:21:26:41":12,"s:30:2:49:Infinity":13,"f:30:12:30:18":3,"s:31:21:42:Infinity":14,"f:32:6:32:7":4,"s:33:8:39:Infinity":15,"f:33:24:33:25":5,"b:34:10:38:Infinity:36:17:38:Infinity":0,"s:34:10:38:Infinity":16,"s:35:12:35:Infinity":17,"s:37:12:37:Infinity":18,"b:44:4:46:Infinity:undefined:undefined:undefined:undefined":1,"s:44:4:46:Infinity":19,"s:45:6:45:Infinity":20,"s:48:4:48:Infinity":21,"f:48:11:48:17":6,"s:48:17:48:Infinity":22,"s:51:24:116:Infinity":23,"f:51:24:51:36":7,"s:52:4:52:Infinity":24,"b:55:4:60:Infinity:undefined:undefined:undefined:undefined":2,"s:55:4:60:Infinity":25,"s:56:6:58:Infinity":26,"b:57:57:57:65:57:65:57:Infinity":3,"s:59:6:59:Infinity":27,"b:63:4:70:Infinity:undefined:undefined:undefined:undefined":4,"s:63:4:70:Infinity":28,"s:64:6:69:Infinity":29,"s:65:8:65:Infinity":30,"s:67:8:67:Infinity":31,"s:68:8:68:Infinity":32,"b:73:4:82:Infinity:undefined:undefined:undefined:undefined":5,"s:73:4:82:Infinity":33,"b:74:6:77:Infinity:undefined:undefined:undefined:undefined":6,"s:74:6:77:Infinity":34,"s:75:8:75:Infinity":35,"s:76:8:76:Infinity":36,"b:78:6:81:Infinity:undefined:undefined:undefined:undefined":7,"s:78:6:81:Infinity":37,"s:79:8:79:Infinity":38,"s:80:8:80:Infinity":39,"s:85:4:85:Infinity":40,"s:88:21:90:Infinity":41,"f:88:38:88:39":8,"s:89:6:89:Infinity":42,"f:89:17:89:23":9,"s:89:23:89:52":43,"s:92:4:115:Infinity":44,"s:94:21:94:Infinity":45,"s:97:6:97:Infinity":46,"s:100:6:100:Infinity":47,"s:103:6:103:Infinity":48,"s:105:6:105:Infinity":49,"s:108:6:111:Infinity":50,"b:109:8:109:Infinity:110:10:110:Infinity":8,"s:114:6:114:Infinity":51,"s:118:18:137:Infinity":52,"b:139:2:163:Infinity:undefined:undefined:undefined:undefined":9,"s:139:2:163:Infinity":53,"s:140:4:161:Infinity":54,"s:165:2:390:Infinity":55,"b:169:22:169:52:169:52:169:Infinity":10,"b:186:22:186:48:186:48:186:Infinity":11,"f:193:21:193:27":10,"s:194:14:194:Infinity":56,"s:195:14:195:Infinity":57,"s:196:14:196:Infinity":58,"b:200:18:200:Infinity:201:18:201:Infinity":12,"f:207:21:207:27":11,"s:208:14:208:Infinity":59,"s:209:14:209:Infinity":60,"s:210:14:210:Infinity":61,"b:214:18:214:Infinity:215:18:215:Infinity":13,"b:224:12:289:Infinity:291:12:346:Infinity":14,"f:236:28:236:29":12,"s:237:20:237:Infinity":62,"s:238:20:238:Infinity":63,"b:252:15:252:Infinity:253:16:266:Infinity":15,"f:302:26:302:27":13,"s:303:18:303:Infinity":64,"s:304:18:304:Infinity":65,"b:320:19:320:45:320:45:320:Infinity":16,"b:330:15:330:Infinity:331:16:344:Infinity":17,"b:356:16:356:Infinity:357:16:357:Infinity":18,"f:363:23:363:24":14,"s:364:12:386:Infinity":66,"b:368:20:368:Infinity:369:20:369:Infinity":19,"s:394:0:396:Infinity":67}}}
,"/Users/nadunalgoda/Desktop/aeo-content-analyzer-dev/frontend/src/pages/FAQGenerator.jsx": {"path":"/Users/nadunalgoda/Desktop/aeo-content-analyzer-dev/frontend/src/pages/FAQGenerator.jsx","statementMap":{"0":{"start":{"line":4,"column":21},"end":{"line":547,"column":null}},"1":{"start":{"line":5,"column":22},"end":{"line":5,"column":null}},"2":{"start":{"line":6,"column":44},"end":{"line":6,"column":null}},"3":{"start":{"line":7,"column":32},"end":{"line":7,"column":null}},"4":{"start":{"line":8,"column":36},"end":{"line":8,"column":null}},"5":{"start":{"line":11,"column":24},"end":{"line":15,"column":null}},"6":{"start":{"line":17,"column":8},"end":{"line":17,"column":null}},"7":{"start":{"line":20,"column":2},"end":{"line":22,"column":null}},"8":{"start":{"line":21,"column":4},"end":{"line":21,"column":null}},"9":{"start":{"line":21,"column":21},"end":{"line":21,"column":41}},"10":{"start":{"line":24,"column":2},"end":{"line":41,"column":null}},"11":{"start":{"line":25,"column":21},"end":{"line":34,"column":null}},"12":{"start":{"line":27,"column":8},"end":{"line":31,"column":null}},"13":{"start":{"line":28,"column":10},"end":{"line":30,"column":null}},"14":{"start":{"line":29,"column":12},"end":{"line":29,"column":null}},"15":{"start":{"line":36,"column":4},"end":{"line":38,"column":null}},"16":{"start":{"line":37,"column":6},"end":{"line":37,"column":null}},"17":{"start":{"line":40,"column":4},"end":{"line":40,"column":null}},"18":{"start":{"line":40,"column":17},"end":{"line":40,"column":null}},"19":{"start":{"line":44,"column":20},"end":{"line":49,"column":null}},"20":{"start":{"line":45,"column":4},"end":{"line":45,"column":null}},"21":{"start":{"line":46,"column":4},"end":{"line":48,"column":null}},"22":{"start":{"line":47,"column":6},"end":{"line":47,"column":null}},"23":{"start":{"line":47,"column":26},"end":{"line":47,"column":51}},"24":{"start":{"line":51,"column":17},"end":{"line":53,"column":null}},"25":{"start":{"line":52,"column":4},"end":{"line":52,"column":null}},"26":{"start":{"line":55,"column":20},"end":{"line":60,"column":null}},"27":{"start":{"line":56,"column":4},"end":{"line":59,"column":null}},"28":{"start":{"line":57,"column":22},"end":{"line":57,"column":null}},"29":{"start":{"line":57,"column":44},"end":{"line":57,"column":55}},"30":{"start":{"line":58,"column":6},"end":{"line":58,"column":null}},"31":{"start":{"line":62,"column":20},"end":{"line":66,"column":null}},"32":{"start":{"line":63,"column":20},"end":{"line":63,"column":null}},"33":{"start":{"line":64,"column":4},"end":{"line":64,"column":null}},"34":{"start":{"line":65,"column":4},"end":{"line":65,"column":null}},"35":{"start":{"line":68,"column":25},"end":{"line":94,"column":null}},"36":{"start":{"line":69,"column":22},"end":{"line":71,"column":null}},"37":{"start":{"line":70,"column":15},"end":{"line":70,"column":null}},"38":{"start":{"line":73,"column":4},"end":{"line":76,"column":null}},"39":{"start":{"line":74,"column":6},"end":{"line":74,"column":null}},"40":{"start":{"line":75,"column":6},"end":{"line":75,"column":null}},"41":{"start":{"line":78,"column":19},"end":{"line":89,"column":null}},"42":{"start":{"line":81,"column":42},"end":{"line":88,"column":8}},"43":{"start":{"line":91,"column":25},"end":{"line":91,"column":null}},"44":{"start":{"line":92,"column":4},"end":{"line":92,"column":null}},"45":{"start":{"line":93,"column":4},"end":{"line":93,"column":null}},"46":{"start":{"line":96,"column":26},"end":{"line":104,"column":null}},"47":{"start":{"line":97,"column":4},"end":{"line":103,"column":null}},"48":{"start":{"line":98,"column":6},"end":{"line":98,"column":null}},"49":{"start":{"line":99,"column":6},"end":{"line":99,"column":null}},"50":{"start":{"line":101,"column":6},"end":{"line":101,"column":null}},"51":{"start":{"line":102,"column":6},"end":{"line":102,"column":null}},"52":{"start":{"line":106,"column":19},"end":{"line":110,"column":null}},"53":{"start":{"line":107,"column":4},"end":{"line":107,"column":null}},"54":{"start":{"line":108,"column":4},"end":{"line":108,"column":null}},"55":{"start":{"line":109,"column":4},"end":{"line":109,"column":null}},"56":{"start":{"line":112,"column":15},"end":{"line":131,"column":null}},"57":{"start":{"line":133,"column":2},"end":{"line":545,"column":null}},"58":{"start":{"line":191,"column":27},"end":{"line":191,"column":null}},"59":{"start":{"line":191,"column":47},"end":{"line":191,"column":72}},"60":{"start":{"line":275,"column":14},"end":{"line":337,"column":null}},"61":{"start":{"line":285,"column":37},"end":{"line":285,"column":null}},"62":{"start":{"line":315,"column":24},"end":{"line":315,"column":null}},"63":{"start":{"line":329,"column":24},"end":{"line":329,"column":null}},"64":{"start":{"line":519,"column":12},"end":{"line":541,"column":null}}},"fnMap":{"0":{"name":"(anonymous_0)","decl":{"start":{"line":4,"column":21},"end":{"line":4,"column":22}},"loc":{"start":{"line":4,"column":37},"end":{"line":547,"column":null}},"line":4},"1":{"name":"(anonymous_1)","decl":{"start":{"line":20,"column":12},"end":{"line":20,"column":18}},"loc":{"start":{"line":20,"column":18},"end":{"line":22,"column":5}},"line":20},"2":{"name":"(anonymous_2)","decl":{"start":{"line":21,"column":15},"end":{"line":21,"column":21}},"loc":{"start":{"line":21,"column":21},"end":{"line":21,"column":41}},"line":21},"3":{"name":"(anonymous_3)","decl":{"start":{"line":24,"column":12},"end":{"line":24,"column":18}},"loc":{"start":{"line":24,"column":18},"end":{"line":41,"column":5}},"line":24},"4":{"name":"(anonymous_4)","decl":{"start":{"line":26,"column":6},"end":{"line":26,"column":7}},"loc":{"start":{"line":26,"column":19},"end":{"line":32,"column":null}},"line":26},"5":{"name":"(anonymous_5)","decl":{"start":{"line":27,"column":24},"end":{"line":27,"column":25}},"loc":{"start":{"line":27,"column":35},"end":{"line":31,"column":9}},"line":27},"6":{"name":"(anonymous_6)","decl":{"start":{"line":40,"column":11},"end":{"line":40,"column":17}},"loc":{"start":{"line":40,"column":17},"end":{"line":40,"column":null}},"line":40},"7":{"name":"(anonymous_7)","decl":{"start":{"line":44,"column":20},"end":{"line":44,"column":21}},"loc":{"start":{"line":44,"column":49},"end":{"line":49,"column":null}},"line":44},"8":{"name":"(anonymous_8)","decl":{"start":{"line":46,"column":15},"end":{"line":46,"column":21}},"loc":{"start":{"line":46,"column":21},"end":{"line":48,"column":7}},"line":46},"9":{"name":"(anonymous_9)","decl":{"start":{"line":47,"column":15},"end":{"line":47,"column":16}},"loc":{"start":{"line":47,"column":26},"end":{"line":47,"column":51}},"line":47},"10":{"name":"(anonymous_10)","decl":{"start":{"line":51,"column":17},"end":{"line":51,"column":23}},"loc":{"start":{"line":51,"column":23},"end":{"line":53,"column":null}},"line":51},"11":{"name":"(anonymous_11)","decl":{"start":{"line":55,"column":20},"end":{"line":55,"column":21}},"loc":{"start":{"line":55,"column":31},"end":{"line":60,"column":null}},"line":55},"12":{"name":"(anonymous_12)","decl":{"start":{"line":57,"column":34},"end":{"line":57,"column":35}},"loc":{"start":{"line":57,"column":44},"end":{"line":57,"column":55}},"line":57},"13":{"name":"(anonymous_13)","decl":{"start":{"line":62,"column":20},"end":{"line":62,"column":21}},"loc":{"start":{"line":62,"column":45},"end":{"line":66,"column":null}},"line":62},"14":{"name":"(anonymous_14)","decl":{"start":{"line":68,"column":25},"end":{"line":68,"column":31}},"loc":{"start":{"line":68,"column":31},"end":{"line":94,"column":null}},"line":68},"15":{"name":"(anonymous_15)","decl":{"start":{"line":70,"column":6},"end":{"line":70,"column":7}},"loc":{"start":{"line":70,"column":15},"end":{"line":70,"column":null}},"line":70},"16":{"name":"(anonymous_16)","decl":{"start":{"line":81,"column":32},"end":{"line":81,"column":33}},"loc":{"start":{"line":81,"column":42},"end":{"line":88,"column":8}},"line":81},"17":{"name":"(anonymous_17)","decl":{"start":{"line":96,"column":26},"end":{"line":96,"column":38}},"loc":{"start":{"line":96,"column":38},"end":{"line":104,"column":null}},"line":96},"18":{"name":"(anonymous_18)","decl":{"start":{"line":106,"column":19},"end":{"line":106,"column":25}},"loc":{"start":{"line":106,"column":25},"end":{"line":110,"column":null}},"line":106},"19":{"name":"(anonymous_19)","decl":{"start":{"line":191,"column":21},"end":{"line":191,"column":27}},"loc":{"start":{"line":191,"column":27},"end":{"line":191,"column":null}},"line":191},"20":{"name":"(anonymous_20)","decl":{"start":{"line":191,"column":36},"end":{"line":191,"column":37}},"loc":{"start":{"line":191,"column":47},"end":{"line":191,"column":72}},"line":191},"21":{"name":"(anonymous_21)","decl":{"start":{"line":274,"column":22},"end":{"line":274,"column":23}},"loc":{"start":{"line":275,"column":14},"end":{"line":337,"column":null}},"line":275},"22":{"name":"(anonymous_22)","decl":{"start":{"line":285,"column":31},"end":{"line":285,"column":37}},"loc":{"start":{"line":285,"column":37},"end":{"line":285,"column":null}},"line":285},"23":{"name":"(anonymous_23)","decl":{"start":{"line":314,"column":32},"end":{"line":314,"column":33}},"loc":{"start":{"line":315,"column":24},"end":{"line":315,"column":null}},"line":315},"24":{"name":"(anonymous_24)","decl":{"start":{"line":328,"column":32},"end":{"line":328,"column":33}},"loc":{"start":{"line":329,"column":24},"end":{"line":329,"column":null}},"line":329},"25":{"name":"(anonymous_25)","decl":{"start":{"line":518,"column":20},"end":{"line":518,"column":21}},"loc":{"start":{"line":519,"column":12},"end":{"line":541,"column":null}},"line":519}},"branchMap":{"0":{"loc":{"start":{"line":28,"column":10},"end":{"line":30,"column":null}},"type":"if","locations":[{"start":{"line":28,"column":10},"end":{"line":30,"column":null}},{"start":{},"end":{}}],"line":28},"1":{"loc":{"start":{"line":36,"column":4},"end":{"line":38,"column":null}},"type":"if","locations":[{"start":{"line":36,"column":4},"end":{"line":38,"column":null}},{"start":{},"end":{}}],"line":36},"2":{"loc":{"start":{"line":44,"column":30},"end":{"line":44,"column":49}},"type":"default-arg","locations":[{"start":{"line":44,"column":37},"end":{"line":44,"column":49}}],"line":44},"3":{"loc":{"start":{"line":56,"column":4},"end":{"line":59,"column":null}},"type":"if","locations":[{"start":{"line":56,"column":4},"end":{"line":59,"column":null}},{"start":{},"end":{}}],"line":56},"4":{"loc":{"start":{"line":70,"column":15},"end":{"line":70,"column":null}},"type":"binary-expr","locations":[{"start":{"line":70,"column":15},"end":{"line":70,"column":38}},{"start":{"line":70,"column":38},"end":{"line":70,"column":null}}],"line":70},"5":{"loc":{"start":{"line":73,"column":4},"end":{"line":76,"column":null}},"type":"if","locations":[{"start":{"line":73,"column":4},"end":{"line":76,"column":null}},{"start":{},"end":{}}],"line":73},"6":{"loc":{"start":{"line":138,"column":10},"end":{"line":140,"column":null}},"type":"cond-expr","locations":[{"start":{"line":139,"column":14},"end":{"line":139,"column":null}},{"start":{"line":140,"column":14},"end":{"line":140,"column":null}}],"line":138},"7":{"loc":{"start":{"line":145,"column":12},"end":{"line":147,"column":null}},"type":"cond-expr","locations":[{"start":{"line":146,"column":16},"end":{"line":146,"column":null}},{"start":{"line":147,"column":16},"end":{"line":147,"column":null}}],"line":145},"8":{"loc":{"start":{"line":152,"column":14},"end":{"line":154,"column":null}},"type":"cond-expr","locations":[{"start":{"line":153,"column":18},"end":{"line":153,"column":null}},{"start":{"line":154,"column":18},"end":{"line":154,"column":null}}],"line":152},"9":{"loc":{"start":{"line":157,"column":13},"end":{"line":184,"column":null}},"type":"cond-expr","locations":[{"start":{"line":158,"column":14},"end":{"line":170,"column":null}},{"start":{"line":172,"column":14},"end":{"line":184,"column":null}}],"line":157},"10":{"loc":{"start":{"line":214,"column":10},"end":{"line":214,"column":null}},"type":"cond-expr","locations":[{"start":{"line":214,"column":22},"end":{"line":214,"column":52}},{"start":{"line":214,"column":52},"end":{"line":214,"column":null}}],"line":214},"11":{"loc":{"start":{"line":256,"column":12},"end":{"line":256,"column":null}},"type":"cond-expr","locations":[{"start":{"line":256,"column":24},"end":{"line":256,"column":50}},{"start":{"line":256,"column":50},"end":{"line":256,"column":null}}],"line":256},"12":{"loc":{"start":{"line":283,"column":19},"end":{"line":302,"column":null}},"type":"binary-expr","locations":[{"start":{"line":283,"column":19},"end":{"line":283,"column":null}},{"start":{"line":284,"column":20},"end":{"line":302,"column":null}}],"line":283},"13":{"loc":{"start":{"line":387,"column":12},"end":{"line":387,"column":null}},"type":"cond-expr","locations":[{"start":{"line":387,"column":24},"end":{"line":387,"column":50}},{"start":{"line":387,"column":50},"end":{"line":387,"column":null}}],"line":387},"14":{"loc":{"start":{"line":395,"column":13},"end":{"line":414,"column":null}},"type":"binary-expr","locations":[{"start":{"line":395,"column":13},"end":{"line":395,"column":null}},{"start":{"line":396,"column":14},"end":{"line":414,"column":null}}],"line":395},"15":{"loc":{"start":{"line":418,"column":11},"end":{"line":460,"column":null}},"type":"cond-expr","locations":[{"start":{"line":419,"column":12},"end":{"line":435,"column":null}},{"start":{"line":437,"column":12},"end":{"line":460,"column":null}}],"line":418},"16":{"loc":{"start":{"line":510,"column":12},"end":{"line":512,"column":null}},"type":"cond-expr","locations":[{"start":{"line":511,"column":16},"end":{"line":511,"column":null}},{"start":{"line":512,"column":16},"end":{"line":512,"column":null}}],"line":510},"17":{"loc":{"start":{"line":522,"column":16},"end":{"line":524,"column":null}},"type":"cond-expr","locations":[{"start":{"line":523,"column":20},"end":{"line":523,"column":null}},{"start":{"line":524,"column":20},"end":{"line":524,"column":null}}],"line":522}},"s":{"0":0,"1":0,"2":0,"3":0,"4":0,"5":0,"6":0,"7":0,"8":0,"9":0,"10":0,"11":0,"12":0,"13":0,"14":0,"15":0,"16":0,"17":0,"18":0,"19":0,"20":0,"21":0,"22":0,"23":0,"24":0,"25":0,"26":0,"27":0,"28":0,"29":0,"30":0,"31":0,"32":0,"33":0,"34":0,"35":0,"36":0,"37":0,"38":0,"39":0,"40":0,"41":0,"42":0,"43":0,"44":0,"45":0,"46":0,"47":0,"48":0,"49":0,"50":0,"51":0,"52":0,"53":0,"54":0,"55":0,"56":0,"57":0,"58":0,"59":0,"60":0,"61":0,"62":0,"63":0,"64":0},"f":{"0":0,"1":0,"2":0,"3":0,"4":0,"5":0,"6":0,"7":0,"8":0,"9":0,"10":0,"11":0,"12":0,"13":0,"14":0,"15":0,"16":0,"17":0,"18":0,"19":0,"20":0,"21":0,"22":0,"23":0,"24":0,"25":0},"b":{"0":[0,0],"1":[0,0],"2":[0],"3":[0,0],"4":[0,0],"5":[0,0],"6":[0,0],"7":[0,0],"8":[0,0],"9":[0,0],"10":[0,0],"11":[0,0],"12":[0,0],"13":[0,0],"14":[0,0],"15":[0,0],"16":[0,0],"17":[0,0]},"meta":{"lastBranch":18,"lastFunction":26,"lastStatement":65,"seen":{"s:4:21:547:Infinity":0,"f:4:21:4:22":0,"s:5:22:5:Infinity":1,"s:6:44:6:Infinity":2,"s:7:32:7:Infinity":3,"s:8:36:8:Infinity":4,"s:11:24:15:Infinity":5,"s:17:8:17:Infinity":6,"s:20:2:22:Infinity":7,"f:20:12:20:18":1,"s:21:4:21:Infinity":8,"f:21:15:21:21":2,"s:21:21:21:41":9,"s:24:2:41:Infinity":10,"f:24:12:24:18":3,"s:25:21:34:Infinity":11,"f:26:6:26:7":4,"s:27:8:31:Infinity":12,"f:27:24:27:25":5,"b:28:10:30:Infinity:undefined:undefined:undefined:undefined":0,"s:28:10:30:Infinity":13,"s:29:12:29:Infinity":14,"b:36:4:38:Infinity:undefined:undefined:undefined:undefined":1,"s:36:4:38:Infinity":15,"s:37:6:37:Infinity":16,"s:40:4:40:Infinity":17,"f:40:11:40:17":6,"s:40:17:40:Infinity":18,"s:44:20:49:Infinity":19,"f:44:20:44:21":7,"b:44:37:44:49":2,"s:45:4:45:Infinity":20,"s:46:4:48:Infinity":21,"f:46:15:46:21":8,"s:47:6:47:Infinity":22,"f:47:15:47:16":9,"s:47:26:47:51":23,"s:51:17:53:Infinity":24,"f:51:17:51:23":10,"s:52:4:52:Infinity":25,"s:55:20:60:Infinity":26,"f:55:20:55:21":11,"b:56:4:59:Infinity:undefined:undefined:undefined:undefined":3,"s:56:4:59:Infinity":27,"s:57:22:57:Infinity":28,"f:57:34:57:35":12,"s:57:44:57:55":29,"s:58:6:58:Infinity":30,"s:62:20:66:Infinity":31,"f:62:20:62:21":13,"s:63:20:63:Infinity":32,"s:64:4:64:Infinity":33,"s:65:4:65:Infinity":34,"s:68:25:94:Infinity":35,"f:68:25:68:31":14,"s:69:22:71:Infinity":36,"f:70:6:70:7":15,"s:70:15:70:Infinity":37,"b:70:15:70:38:70:38:70:Infinity":4,"b:73:4:76:Infinity:undefined:undefined:undefined:undefined":5,"s:73:4:76:Infinity":38,"s:74:6:74:Infinity":39,"s:75:6:75:Infinity":40,"s:78:19:89:Infinity":41,"f:81:32:81:33":16,"s:81:42:88:8":42,"s:91:25:91:Infinity":43,"s:92:4:92:Infinity":44,"s:93:4:93:Infinity":45,"s:96:26:104:Infinity":46,"f:96:26:96:38":17,"s:97:4:103:Infinity":47,"s:98:6:98:Infinity":48,"s:99:6:99:Infinity":49,"s:101:6:101:Infinity":50,"s:102:6:102:Infinity":51,"s:106:19:110:Infinity":52,"f:106:19:106:25":18,"s:107:4:107:Infinity":53,"s:108:4:108:Infinity":54,"s:109:4:109:Infinity":55,"s:112:15:131:Infinity":56,"s:133:2:545:Infinity":57,"b:139:14:139:Infinity:140:14:140:Infinity":6,"b:146:16:146:Infinity:147:16:147:Infinity":7,"b:153:18:153:Infinity:154:18:154:Infinity":8,"b:158:14:170:Infinity:172:14:184:Infinity":9,"f:191:21:191:27":19,"s:191:27:191:Infinity":58,"f:191:36:191:37":20,"s:191:47:191:72":59,"b:214:22:214:52:214:52:214:Infinity":10,"b:256:24:256:50:256:50:256:Infinity":11,"f:274:22:274:23":21,"s:275:14:337:Infinity":60,"b:283:19:283:Infinity:284:20:302:Infinity":12,"f:285:31:285:37":22,"s:285:37:285:Infinity":61,"f:314:32:314:33":23,"s:315:24:315:Infinity":62,"f:328:32:328:33":24,"s:329:24:329:Infinity":63,"b:387:24:387:50:387:50:387:Infinity":13,"b:395:13:395:Infinity:396:14:414:Infinity":14,"b:419:12:435:Infinity:437:12:460:Infinity":15,"b:511:16:511:Infinity:512:16:512:Infinity":16,"f:518:20:518:21":25,"s:519:12:541:Infinity":64,"b:523:20:523:Infinity:524:20:524:Infinity":17}}}
,"/Users/nadunalgoda/Desktop/aeo-content-analyzer-dev/frontend/src/pages/History.jsx": {"path":"/Users/nadunalgoda/Desktop/aeo-content-analyzer-dev/frontend/src/pages/History.jsx","statementMap":{"0":{"start":{"line":5,"column":16},"end":{"line":390,"column":null}},"1":{"start":{"line":6,"column":28},"end":{"line":6,"column":null}},"2":{"start":{"line":7,"column":32},"end":{"line":7,"column":null}},"3":{"start":{"line":8,"column":24},"end":{"line":8,"column":null}},"4":{"start":{"line":11,"column":36},"end":{"line":11,"column":null}},"5":{"start":{"line":12,"column":34},"end":{"line":12,"column":null}},"6":{"start":{"line":13,"column":40},"end":{"line":13,"column":null}},"7":{"start":{"line":14,"column":26},"end":{"line":14,"column":null}},"8":{"start":{"line":15,"column":34},"end":{"line":15,"column":null}},"9":{"start":{"line":16,"column":32},"end":{"line":16,"column":null}},"10":{"start":{"line":17,"column":8},"end":{"line":17,"column":null}},"11":{"start":{"line":20,"column":2},"end":{"line":40,"column":null}},"12":{"start":{"line":21,"column":25},"end":{"line":38,"column":null}},"13":{"start":{"line":22,"column":6},"end":{"line":22,"column":null}},"14":{"start":{"line":23,"column":6},"end":{"line":37,"column":null}},"15":{"start":{"line":24,"column":25},"end":{"line":26,"column":null}},"16":{"start":{"line":27,"column":8},"end":{"line":27,"column":null}},"17":{"start":{"line":27,"column":26},"end":{"line":27,"column":null}},"18":{"start":{"line":28,"column":21},"end":{"line":28,"column":null}},"19":{"start":{"line":29,"column":8},"end":{"line":29,"column":null}},"20":{"start":{"line":30,"column":8},"end":{"line":30,"column":null}},"21":{"start":{"line":31,"column":8},"end":{"line":31,"column":null}},"22":{"start":{"line":33,"column":8},"end":{"line":33,"column":null}},"23":{"start":{"line":35,"column":8},"end":{"line":35,"column":null}},"24":{"start":{"line":36,"column":8},"end":{"line":36,"column":null}},"25":{"start":{"line":36,"column":25},"end":{"line":36,"column":45}},"26":{"start":{"line":39,"column":4},"end":{"line":39,"column":null}},"27":{"start":{"line":43,"column":8},"end":{"line":55,"column":null}},"28":{"start":{"line":44,"column":4},"end":{"line":54,"column":null}},"29":{"start":{"line":45,"column":24},"end":{"line":45,"column":72}},"30":{"start":{"line":47,"column":8},"end":{"line":52,"column":null}},"31":{"start":{"line":48,"column":10},"end":{"line":50,"column":null}},"32":{"start":{"line":53,"column":8},"end":{"line":53,"column":null}},"33":{"start":{"line":58,"column":8},"end":{"line":70,"column":null}},"34":{"start":{"line":59,"column":18},"end":{"line":59,"column":null}},"35":{"start":{"line":60,"column":30},"end":{"line":63,"column":null}},"36":{"start":{"line":61,"column":21},"end":{"line":61,"column":null}},"37":{"start":{"line":65,"column":6},"end":{"line":65,"column":null}},"38":{"start":{"line":66,"column":21},"end":{"line":66,"column":null}},"39":{"start":{"line":66,"column":46},"end":{"line":66,"column":65}},"40":{"start":{"line":67,"column":22},"end":{"line":67,"column":null}},"41":{"start":{"line":67,"column":47},"end":{"line":67,"column":67}},"42":{"start":{"line":69,"column":4},"end":{"line":69,"column":null}},"43":{"start":{"line":73,"column":23},"end":{"line":91,"column":null}},"44":{"start":{"line":74,"column":4},"end":{"line":74,"column":null}},"45":{"start":{"line":75,"column":4},"end":{"line":76,"column":null}},"46":{"start":{"line":76,"column":6},"end":{"line":76,"column":null}},"47":{"start":{"line":77,"column":4},"end":{"line":90,"column":null}},"48":{"start":{"line":78,"column":23},"end":{"line":83,"column":null}},"49":{"start":{"line":84,"column":6},"end":{"line":87,"column":null}},"50":{"start":{"line":85,"column":8},"end":{"line":85,"column":null}},"51":{"start":{"line":85,"column":29},"end":{"line":85,"column":66}},"52":{"start":{"line":85,"column":51},"end":{"line":85,"column":65}},"53":{"start":{"line":86,"column":8},"end":{"line":86,"column":null}},"54":{"start":{"line":86,"column":35},"end":{"line":86,"column":43}},"55":{"start":{"line":89,"column":6},"end":{"line":89,"column":null}},"56":{"start":{"line":94,"column":38},"end":{"line":94,"column":null}},"57":{"start":{"line":95,"column":8},"end":{"line":95,"column":null}},"58":{"start":{"line":97,"column":2},"end":{"line":106,"column":null}},"59":{"start":{"line":98,"column":4},"end":{"line":98,"column":null}},"60":{"start":{"line":98,"column":43},"end":{"line":98,"column":null}},"61":{"start":{"line":99,"column":21},"end":{"line":103,"column":null}},"62":{"start":{"line":101,"column":8},"end":{"line":101,"column":null}},"63":{"start":{"line":101,"column":35},"end":{"line":101,"column":72}},"64":{"start":{"line":104,"column":4},"end":{"line":104,"column":null}},"65":{"start":{"line":104,"column":26},"end":{"line":104,"column":null}},"66":{"start":{"line":105,"column":4},"end":{"line":105,"column":null}},"67":{"start":{"line":105,"column":17},"end":{"line":105,"column":null}},"68":{"start":{"line":109,"column":24},"end":{"line":113,"column":null}},"69":{"start":{"line":110,"column":4},"end":{"line":110,"column":null}},"70":{"start":{"line":110,"column":21},"end":{"line":110,"column":null}},"71":{"start":{"line":111,"column":4},"end":{"line":111,"column":null}},"72":{"start":{"line":111,"column":21},"end":{"line":111,"column":null}},"73":{"start":{"line":112,"column":4},"end":{"line":112,"column":null}},"74":{"start":{"line":115,"column":24},"end":{"line":133,"column":null}},"75":{"start":{"line":116,"column":4},"end":{"line":121,"column":null}},"76":{"start":{"line":117,"column":6},"end":{"line":121,"column":null}},"77":{"start":{"line":122,"column":4},"end":{"line":127,"column":null}},"78":{"start":{"line":123,"column":6},"end":{"line":127,"column":null}},"79":{"start":{"line":128,"column":4},"end":{"line":132,"column":null}},"80":{"start":{"line":135,"column":21},"end":{"line":143,"column":null}},"81":{"start":{"line":136,"column":4},"end":{"line":136,"column":null}},"82":{"start":{"line":136,"column":21},"end":{"line":136,"column":null}},"83":{"start":{"line":137,"column":17},"end":{"line":137,"column":null}},"84":{"start":{"line":138,"column":4},"end":{"line":142,"column":null}},"85":{"start":{"line":145,"column":2},"end":{"line":154,"column":null}},"86":{"start":{"line":146,"column":4},"end":{"line":152,"column":null}},"87":{"start":{"line":156,"column":2},"end":{"line":172,"column":null}},"88":{"start":{"line":157,"column":4},"end":{"line":170,"column":null}},"89":{"start":{"line":164,"column":27},"end":{"line":164,"column":null}},"90":{"start":{"line":174,"column":2},"end":{"line":388,"column":null}},"91":{"start":{"line":235,"column":14},"end":{"line":250,"column":null}},"92":{"start":{"line":259,"column":33},"end":{"line":259,"column":null}},"93":{"start":{"line":260,"column":28},"end":{"line":260,"column":null}},"94":{"start":{"line":262,"column":14},"end":{"line":354,"column":null}},"95":{"start":{"line":265,"column":33},"end":{"line":265,"column":null}},"96":{"start":{"line":278,"column":36},"end":{"line":278,"column":null}},"97":{"start":{"line":280,"column":22},"end":{"line":280,"column":null}},"98":{"start":{"line":328,"column":22},"end":{"line":342,"column":null}},"99":{"start":{"line":364,"column":31},"end":{"line":364,"column":null}},"100":{"start":{"line":364,"column":53},"end":{"line":364,"column":71}},"101":{"start":{"line":377,"column":18},"end":{"line":377,"column":null}},"102":{"start":{"line":377,"column":40},"end":{"line":377,"column":71}},"103":{"start":{"line":392,"column":0},"end":{"line":395,"column":null}}},"fnMap":{"0":{"name":"(anonymous_0)","decl":{"start":{"line":5,"column":16},"end":{"line":5,"column":17}},"loc":{"start":{"line":5,"column":40},"end":{"line":390,"column":null}},"line":5},"1":{"name":"(anonymous_1)","decl":{"start":{"line":20,"column":12},"end":{"line":20,"column":18}},"loc":{"start":{"line":20,"column":18},"end":{"line":40,"column":5}},"line":20},"2":{"name":"(anonymous_2)","decl":{"start":{"line":21,"column":25},"end":{"line":21,"column":37}},"loc":{"start":{"line":21,"column":37},"end":{"line":38,"column":null}},"line":21},"3":{"name":"(anonymous_3)","decl":{"start":{"line":36,"column":19},"end":{"line":36,"column":25}},"loc":{"start":{"line":36,"column":25},"end":{"line":36,"column":45}},"line":36},"4":{"name":"(anonymous_4)","decl":{"start":{"line":43,"column":34},"end":{"line":43,"column":40}},"loc":{"start":{"line":43,"column":40},"end":{"line":55,"column":5}},"line":43},"5":{"name":"(anonymous_5)","decl":{"start":{"line":45,"column":14},"end":{"line":45,"column":15}},"loc":{"start":{"line":45,"column":24},"end":{"line":45,"column":72}},"line":45},"6":{"name":"(anonymous_6)","decl":{"start":{"line":46,"column":12},"end":{"line":46,"column":13}},"loc":{"start":{"line":46,"column":22},"end":{"line":54,"column":7}},"line":46},"7":{"name":"(anonymous_7)","decl":{"start":{"line":58,"column":24},"end":{"line":58,"column":30}},"loc":{"start":{"line":58,"column":30},"end":{"line":70,"column":5}},"line":58},"8":{"name":"(anonymous_8)","decl":{"start":{"line":61,"column":6},"end":{"line":61,"column":7}},"loc":{"start":{"line":61,"column":21},"end":{"line":61,"column":null}},"line":61},"9":{"name":"(anonymous_9)","decl":{"start":{"line":66,"column":36},"end":{"line":66,"column":37}},"loc":{"start":{"line":66,"column":46},"end":{"line":66,"column":65}},"line":66},"10":{"name":"(anonymous_10)","decl":{"start":{"line":67,"column":37},"end":{"line":67,"column":38}},"loc":{"start":{"line":67,"column":47},"end":{"line":67,"column":67}},"line":67},"11":{"name":"(anonymous_11)","decl":{"start":{"line":73,"column":23},"end":{"line":73,"column":30}},"loc":{"start":{"line":73,"column":40},"end":{"line":91,"column":null}},"line":73},"12":{"name":"(anonymous_12)","decl":{"start":{"line":85,"column":19},"end":{"line":85,"column":20}},"loc":{"start":{"line":85,"column":29},"end":{"line":85,"column":66}},"line":85},"13":{"name":"(anonymous_13)","decl":{"start":{"line":85,"column":41},"end":{"line":85,"column":42}},"loc":{"start":{"line":85,"column":51},"end":{"line":85,"column":65}},"line":85},"14":{"name":"(anonymous_14)","decl":{"start":{"line":86,"column":25},"end":{"line":86,"column":26}},"loc":{"start":{"line":86,"column":35},"end":{"line":86,"column":43}},"line":86},"15":{"name":"(anonymous_15)","decl":{"start":{"line":97,"column":12},"end":{"line":97,"column":18}},"loc":{"start":{"line":97,"column":18},"end":{"line":106,"column":5}},"line":97},"16":{"name":"(anonymous_16)","decl":{"start":{"line":100,"column":6},"end":{"line":100,"column":7}},"loc":{"start":{"line":101,"column":8},"end":{"line":101,"column":null}},"line":101},"17":{"name":"(anonymous_17)","decl":{"start":{"line":101,"column":24},"end":{"line":101,"column":25}},"loc":{"start":{"line":101,"column":35},"end":{"line":101,"column":72}},"line":101},"18":{"name":"(anonymous_18)","decl":{"start":{"line":105,"column":11},"end":{"line":105,"column":17}},"loc":{"start":{"line":105,"column":17},"end":{"line":105,"column":null}},"line":105},"19":{"name":"(anonymous_19)","decl":{"start":{"line":109,"column":24},"end":{"line":109,"column":25}},"loc":{"start":{"line":109,"column":35},"end":{"line":113,"column":null}},"line":109},"20":{"name":"(anonymous_20)","decl":{"start":{"line":115,"column":24},"end":{"line":115,"column":25}},"loc":{"start":{"line":115,"column":35},"end":{"line":133,"column":null}},"line":115},"21":{"name":"(anonymous_21)","decl":{"start":{"line":135,"column":21},"end":{"line":135,"column":22}},"loc":{"start":{"line":135,"column":37},"end":{"line":143,"column":null}},"line":135},"22":{"name":"(anonymous_22)","decl":{"start":{"line":164,"column":21},"end":{"line":164,"column":27}},"loc":{"start":{"line":164,"column":27},"end":{"line":164,"column":null}},"line":164},"23":{"name":"(anonymous_23)","decl":{"start":{"line":234,"column":18},"end":{"line":234,"column":19}},"loc":{"start":{"line":235,"column":14},"end":{"line":250,"column":null}},"line":235},"24":{"name":"(anonymous_24)","decl":{"start":{"line":258,"column":33},"end":{"line":258,"column":34}},"loc":{"start":{"line":258,"column":48},"end":{"line":356,"column":13}},"line":258},"25":{"name":"(anonymous_25)","decl":{"start":{"line":265,"column":27},"end":{"line":265,"column":33}},"loc":{"start":{"line":265,"column":33},"end":{"line":265,"column":null}},"line":265},"26":{"name":"(anonymous_26)","decl":{"start":{"line":278,"column":29},"end":{"line":278,"column":30}},"loc":{"start":{"line":278,"column":36},"end":{"line":278,"column":null}},"line":278},"27":{"name":"(anonymous_27)","decl":{"start":{"line":279,"column":31},"end":{"line":279,"column":32}},"loc":{"start":{"line":280,"column":22},"end":{"line":280,"column":null}},"line":280},"28":{"name":"(anonymous_28)","decl":{"start":{"line":327,"column":26},"end":{"line":327,"column":27}},"loc":{"start":{"line":328,"column":22},"end":{"line":342,"column":null}},"line":328},"29":{"name":"(anonymous_29)","decl":{"start":{"line":364,"column":25},"end":{"line":364,"column":31}},"loc":{"start":{"line":364,"column":31},"end":{"line":364,"column":null}},"line":364},"30":{"name":"(anonymous_30)","decl":{"start":{"line":364,"column":46},"end":{"line":364,"column":47}},"loc":{"start":{"line":364,"column":53},"end":{"line":364,"column":71}},"line":364},"31":{"name":"(anonymous_31)","decl":{"start":{"line":376,"column":25},"end":{"line":376,"column":null}},"loc":{"start":{"line":377,"column":18},"end":{"line":377,"column":null}},"line":377},"32":{"name":"(anonymous_32)","decl":{"start":{"line":377,"column":33},"end":{"line":377,"column":34}},"loc":{"start":{"line":377,"column":40},"end":{"line":377,"column":71}},"line":377}},"branchMap":{"0":{"loc":{"start":{"line":27,"column":8},"end":{"line":27,"column":null}},"type":"if","locations":[{"start":{"line":27,"column":8},"end":{"line":27,"column":null}},{"start":{},"end":{}}],"line":27},"1":{"loc":{"start":{"line":29,"column":19},"end":{"line":29,"column":37}},"type":"binary-expr","locations":[{"start":{"line":29,"column":19},"end":{"line":29,"column":35}},{"start":{"line":29,"column":35},"end":{"line":29,"column":37}}],"line":29},"2":{"loc":{"start":{"line":30,"column":22},"end":{"line":30,"column":42}},"type":"binary-expr","locations":[{"start":{"line":30,"column":22},"end":{"line":30,"column":41}},{"start":{"line":30,"column":41},"end":{"line":30,"
[...]
:{"line":211,"column":19}},{"start":{"line":211,"column":19},"end":{"line":211,"column":null}}],"line":210},"25":{"loc":{"start":{"line":213,"column":6},"end":{"line":214,"column":null}},"type":"binary-expr","locations":[{"start":{"line":213,"column":6},"end":{"line":214,"column":19}},{"start":{"line":214,"column":19},"end":{"line":214,"column":null}}],"line":213},"26":{"loc":{"start":{"line":235,"column":13},"end":{"line":235,"column":null}},"type":"binary-expr","locations":[{"start":{"line":235,"column":13},"end":{"line":235,"column":29}},{"start":{"line":235,"column":29},"end":{"line":235,"column":null}}],"line":235},"27":{"loc":{"start":{"line":326,"column":29},"end":{"line":326,"column":null}},"type":"binary-expr","locations":[{"start":{"line":326,"column":29},"end":{"line":326,"column":67}},{"start":{"line":326,"column":67},"end":{"line":326,"column":null}}],"line":326},"28":{"loc":{"start":{"line":327,"column":24},"end":{"line":327,"column":null}},"type":"binary-expr","locations":[{"start":{"line":327,"column":24},"end":{"line":327,"column":57}},{"start":{"line":327,"column":57},"end":{"line":327,"column":null}}],"line":327},"29":{"loc":{"start":{"line":337,"column":16},"end":{"line":337,"column":37}},"type":"binary-expr","locations":[{"start":{"line":337,"column":16},"end":{"line":337,"column":33}},{"start":{"line":337,"column":33},"end":{"line":337,"column":37}}],"line":337},"30":{"loc":{"start":{"line":348,"column":27},"end":{"line":348,"column":null}},"type":"binary-expr","locations":[{"start":{"line":348,"column":27},"end":{"line":348,"column":42}},{"start":{"line":348,"column":42},"end":{"line":348,"column":56}},{"start":{"line":348,"column":56},"end":{"line":348,"column":null}}],"line":348},"31":{"loc":{"start":{"line":353,"column":27},"end":{"line":353,"column":null}},"type":"binary-expr","locations":[{"start":{"line":353,"column":27},"end":{"line":353,"column":43}},{"start":{"line":353,"column":43},"end":{"line":353,"column":null}}],"line":353},"32":{"loc":{"start":{"line":357,"column":25},"end":{"line":357,"column":null}},"type":"binary-expr","locations":[{"start":{"line":357,"column":25},"end":{"line":357,"column":46}},{"start":{"line":357,"column":46},"end":{"line":357,"column":null}}],"line":357},"33":{"loc":{"start":{"line":367,"column":14},"end":{"line":367,"column":40}},"type":"binary-expr","locations":[{"start":{"line":367,"column":14},"end":{"line":367,"column":36}},{"start":{"line":367,"column":36},"end":{"line":367,"column":40}}],"line":367},"34":{"loc":{"start":{"line":368,"column":27},"end":{"line":368,"column":null}},"type":"binary-expr","locations":[{"start":{"line":368,"column":27},"end":{"line":368,"column":39}},{"start":{"line":368,"column":39},"end":{"line":368,"column":null}}],"line":368},"35":{"loc":{"start":{"line":377,"column":23},"end":{"line":377,"column":null}},"type":"binary-expr","locations":[{"start":{"line":377,"column":23},"end":{"line":377,"column":36}},{"start":{"line":377,"column":36},"end":{"line":377,"column":null}}],"line":377},"36":{"loc":{"start":{"line":379,"column":21},"end":{"line":389,"column":null}},"type":"binary-expr","locations":[{"start":{"line":379,"column":21},"end":{"line":379,"column":null}},{"start":{"line":380,"column":22},"end":{"line":389,"column":null}}],"line":379},"37":{"loc":{"start":{"line":384,"column":25},"end":{"line":387,"column":null}},"type":"cond-expr","locations":[{"start":{"line":385,"column":26},"end":{"line":385,"column":null}},{"start":{"line":387,"column":26},"end":{"line":387,"column":null}}],"line":384},"38":{"loc":{"start":{"line":394,"column":23},"end":{"line":394,"column":null}},"type":"binary-expr","locations":[{"start":{"line":394,"column":23},"end":{"line":394,"column":42}},{"start":{"line":394,"column":42},"end":{"line":394,"column":null}}],"line":394},"39":{"loc":{"start":{"line":396,"column":21},"end":{"line":399,"column":null}},"type":"binary-expr","locations":[{"start":{"line":396,"column":21},"end":{"line":396,"column":null}},{"start":{"line":397,"column":22},"end":{"line":399,"column":null}}],"line":396}},"s":{"0":0,"1":0,"2":0,"3":0,"4":0,"5":0,"6":0,"7":0,"8":0,"9":0,"10":0,"11":0,"12":0,"13":0,"14":0,"15":0,"16":0,"17":0,"18":0,"19":0,"20":0,"21":0,"22":0,"23":0,"24":0,"25":0,"26":0,"27":0,"28":0,"29":0,"30":0,"31":0,"32":0,"33":0,"34":0,"35":0,"36":0,"37":0,"38":0,"39":0,"40":0,"41":0,"42":0,"43":0,"44":0,"45":0,"46":0,"47":0,"48":0,"49":0,"50":0,"51":0,"52":0,"53":0,"54":0,"55":0,"56":0,"57":0,"58":0,"59":0,"60":0,"61":0,"62":0,"63":0,"64":0,"65":0,"66":0,"67":0},"f":{"0":0,"1":0,"2":0,"3":0,"4":0,"5":0,"6":0,"7":0,"8":0,"9":0,"10":0,"11":0,"12":0,"13":0,"14":0,"15":0,"16":0},"b":{"0":[0,0],"1":[0,0],"2":[0,0],"3":[0,0],"4":[0,0],"5":[0,0],"6":[0,0],"7":[0,0,0],"8":[0,0,0],"9":[0,0],"10":[0,0,0],"11":[0,0],"12":[0,0,0],"13":[0,0],"14":[0,0],"15":[0,0],"16":[0,0],"17":[0,0],"18":[0,0],"19":[0,0],"20":[0,0],"21":[0,0],"22":[0,0],"23":[0,0],"24":[0,0],"25":[0,0],"26":[0,0],"27":[0,0],"28":[0,0],"29":[0,0],"30":[0,0,0],"31":[0,0],"32":[0,0],"33":[0,0],"34":[0,0],"35":[0,0],"36":[0,0],"37":[0,0],"38":[0,0],"39":[0,0]},"meta":{"lastBranch":40,"lastFunction":17,"lastStatement":68,"seen":{"s:6:21:13:Infinity":0,"f:6:21:6:22":0,"b:7:2:7:Infinity:undefined:undefined:undefined:undefined":0,"s:7:2:7:Infinity":1,"s:7:13:7:Infinity":2,"b:8:2:8:Infinity:undefined:undefined:undefined:undefined":1,"s:8:2:8:Infinity":3,"s:8:23:8:Infinity":4,"b:9:2:9:Infinity:undefined:undefined:undefined:undefined":2,"s:9:2:9:Infinity":5,"s:9:26:9:Infinity":6,"s:10:20:10:Infinity":7,"b:11:2:11:Infinity:undefined:undefined:undefined:undefined":3,"s:11:2:11:Infinity":8,"s:11:46:11:Infinity":9,"s:12:2:12:Infinity":10,"s:16:26:88:Infinity":11,"f:16:26:16:27":1,"s:17:20:17:Infinity":12,"s:20:26:39:Infinity":13,"s:41:2:86:Infinity":14,"f:47:29:47:30":2,"s:48:10:60:Infinity":15,"b:55:44:55:58:55:58:55:61":4,"b:72:16:75:Infinity:77:16:80:Infinity":5,"s:90:0:94:Infinity":16,"s:97:16:410:Infinity":17,"f:97:16:97:17":3,"s:98:36:98:Infinity":18,"b:100:2:100:Infinity:undefined:undefined:undefined:undefined":6,"s:100:2:100:Infinity":19,"s:100:15:100:Infinity":20,"s:103:22:103:Infinity":21,"b:103:22:103:47:103:47:103:69:103:69:103:Infinity":7,"s:105:4:105:Infinity":22,"b:105:4:105:32:105:32:105:60:105:60:105:Infinity":8,"s:106:27:106:Infinity":23,"b:106:27:106:57:106:57:106:Infinity":9,"s:108:19:108:Infinity":24,"b:108:19:108:43:108:43:108:69:108:69:108:Infinity":10,"b:110:2:114:Infinity:undefined:undefined:undefined:undefined":11,"s:110:2:114:Infinity":25,"b:110:6:110:27:110:27:110:46:110:46:110:67":12,"s:111:4:113:Infinity":26,"s:117:24:122:Infinity":27,"f:117:24:117:25":4,"s:118:4:122:Infinity":28,"b:119:8:119:Infinity:120:8:122:Infinity":13,"b:121:8:121:Infinity:122:8:122:Infinity":14,"s:123:21:128:Infinity":29,"f:123:21:123:22":5,"s:124:4:128:Infinity":30,"b:125:8:125:Infinity:126:8:128:Infinity":15,"b:127:8:127:Infinity:128:8:128:Infinity":16,"s:130:24:148:Infinity":31,"f:130:24:130:25":6,"b:131:4:136:Infinity:undefined:undefined:undefined:undefined":17,"s:131:4:136:Infinity":32,"s:132:6:136:Infinity":33,"b:137:4:142:Infinity:undefined:undefined:undefined:undefined":18,"s:137:4:142:Infinity":34,"s:138:6:142:Infinity":35,"s:143:4:147:Infinity":36,"s:150:25:169:Infinity":37,"f:150:25:150:26":7,"s:151:14:151:Infinity":38,"b:151:14:151:50:151:50:151:Infinity":19,"b:152:4:157:Infinity:undefined:undefined:undefined:undefined":20,"s:152:4:157:Infinity":39,"s:153:6:157:Infinity":40,"b:158:4:163:Infinity:undefined:undefined:undefined:undefined":21,"s:158:4:163:Infinity":41,"s:159:6:163:Infinity":42,"s:164:4:168:Infinity":43,"s:171:26:180:Infinity":44,"f:171:26:171:33":8,"b:172:4:172:Infinity:undefined:undefined:undefined:undefined":22,"s:172:4:172:Infinity":45,"s:172:15:172:Infinity":46,"s:173:4:179:Infinity":47,"s:174:6:174:Infinity":48,"s:175:6:175:Infinity":49,"s:176:6:176:Infinity":50,"f:176:17:176:23":9,"s:176:23:176:45":51,"s:178:6:178:Infinity":52,"s:182:23:182:Infinity":53,"s:184:23:203:Infinity":54,"s:205:23:215:Infinity":55,"b:207:6:208:19:208:19:208:Infinity":23,"f:207:28:207:29":10,"s:207:35:207:75":56,"b:210:6:211:19:211:19:211:Infinity":24,"f:210:28:210:29":11,"s:210:35:210:75":57,"b:213:6:214:19:214:19:214:Infinity":25,"f:213:28:213:29":12,"s:213:35:213:75":58,"s:217:2:408:Infinity":59,"b:235:13:235:29:235:29:235:Infinity":26,"f:289:32:289:33":13,"s:290:16:316:Infinity":60,"b:326:29:326:67:326:67:326:Infinity":27,"b:327:24:327:57:327:57:327:Infinity":28,"b:337:16:337:33:337:33:337:37":29,"f:337:41:337:42":14,"s:338:31:338:Infinity":61,"s:339:16:360:Infinity":62,"b:348:27:348:42:348:42:348:56:348:56:348:Infinity":30,"b:353:27:353:43:353:43:353:Infinity":31,"b:357:25:357:46:357:46:357:Infinity":32,"b:367:14:367:36:367:36:367:40":33,"f:367:44:367:45":15,"s:368:27:368:Infinity":63,"b:368:27:368:39:368:39:368:Infinity":34,"s:369:30:369:Infinity":64,"s:370:14:402:Infinity":65,"b:377:23:377:36:377:36:377:Infinity":35,"b:379:21:379:Infinity:380:22:389:Infinity":36,"f:381:33:381:39":16,"s:381:39:381:Infinity":66,"b:385:26:385:Infinity:387:26:387:Infinity":37,"b:394:23:394:42:394:42:394:Infinity":38,"b:396:21:396:Infinity:397:22:399:Infinity":39,"s:412:0:415:Infinity":67}}}
,"/Users/nadunalgoda/Desktop/aeo-content-analyzer-dev/frontend/src/services/geminiService.js": {"path":"/Users/nadunalgoda/Desktop/aeo-content-analyzer-dev/frontend/src/services/geminiService.js","statementMap":{"0":{"start":{"line":1,"column":16},"end":{"line":1,"column":62}},"1":{"start":{"line":3,"column":30},"end":{"line":44,"column":null}},"2":{"start":{"line":6,"column":2},"end":{"line":42,"column":null}},"3":{"start":{"line":7,"column":21},"end":{"line":18,"column":6}},"4":{"start":{"line":20,"column":4},"end":{"line":23,"column":null}},"5":{"start":{"line":21,"column":24},"end":{"line":21,"column":63}},"6":{"start":{"line":21,"column":59},"end":{"line":21,"column":61}},"7":{"start":{"line":22,"column":6},"end":{"line":22,"column":null}},"8":{"start":{"line":25,"column":23},"end":{"line":25,"column":44}},"9":{"start":{"line":27,"column":17},"end":{"line":27,"column":39}},"10":{"start":{"line":29,"column":4},"end":{"line":37,"column":null}},"11":{"start":{"line":40,"column":4},"end":{"line":40,"column":null}},"12":{"start":{"line":41,"column":4},"end":{"line":41,"column":null}}},"fnMap":{"0":{"name":"(anonymous_0)","decl":{"start":{"line":3,"column":30},"end":{"line":3,"column":35}},"loc":{"start":{"line":3,"column":58},"end":{"line":44,"column":null}},"line":3},"1":{"name":"(anonymous_1)","decl":{"start":{"line":21,"column":52},"end":{"line":21,"column":53}},"loc":{"start":{"line":21,"column":59},"end":{"line":21,"column":61}},"line":21}},"branchMap":{"0":{"loc":{"start":{"line":20,"column":4},"end":{"line":23,"column":null}},"type":"if","locations":[{"start":{"line":20,"column":4},"end":{"line":23,"column":null}},{"start":{},"end":{}}],"line":20},"1":{"loc":{"start":{"line":22,"column":22},"end":{"line":22,"column":87}},"type":"binary-expr","locations":[{"start":{"line":22,"column":22},"end":{"line":22,"column":39}},{"start":{"line":22,"column":43},"end":{"line":22,"column":87}}],"line":22},"2":{"loc":{"start":{"line":32,"column":13},"end":{"line":32,"column":64}},"type":"binary-expr","locations":[{"start":{"line":32,"column":13},"end":{"line":32,"column":23}},{"start":{"line":32,"column":28},"end":{"line":32,"column":63}}],"line":32}},"s":{"0":0,"1":0,"2":0,"3":0,"4":0,"5":0,"6":0,"7":0,"8":0,"9":0,"10":0,"11":0,"12":0},"f":{"0":0,"1":0},"b":{"0":[0,0],"1":[0,0],"2":[0,0]},"meta":{"lastBranch":3,"lastFunction":2,"lastStatement":13,"seen":{"s:1:16:1:62":0,"s:3:30:44:Infinity":1,"f:3:30:3:35":0,"s:6:2:42:Infinity":2,"s:7:21:18:6":3,"b:20:4:23:Infinity:undefined:undefined:undefined:undefined":0,"s:20:4:23:Infinity":4,"s:21:24:21:63":5,"f:21:52:21:53":1,"s:21:59:21:61":6,"s:22:6:22:Infinity":7,"b:22:22:22:39:22:43:22:87":1,"s:25:23:25:44":8,"s:27:17:27:39":9,"s:29:4:37:Infinity":10,"b:32:13:32:23:32:28:32:63":2,"s:40:4:40:Infinity":11,"s:41:4:41:Infinity":12}}}
,"/Users/nadunalgoda/Desktop/aeo-content-analyzer-dev/frontend/src/utils/validation.js": {"path":"/Users/nadunalgoda/Desktop/aeo-content-analyzer-dev/frontend/src/utils/validation.js","statementMap":{"0":{"start":{"line":1,"column":26},"end":{"line":8,"column":1}},"1":{"start":{"line":2,"column":2},"end":{"line":7,"column":null}},"2":{"start":{"line":3,"column":19},"end":{"line":3,"column":31}},"3":{"start":{"line":4,"column":4},"end":{"line":4,"column":null}},"4":{"start":{"line":6,"column":4},"end":{"line":6,"column":null}},"5":{"start":{"line":13,"column":28},"end":{"line":22,"column":1}},"6":{"start":{"line":14,"column":2},"end":{"line":14,"column":null}},"7":{"start":{"line":14,"column":13},"end":{"line":14,"column":null}},"8":{"start":{"line":16,"column":2},"end":{"line":21,"column":49}},"9":{"start":{"line":27,"column":35},"end":{"line":42,"column":1}},"10":{"start":{"line":28,"column":17},"end":{"line":28,"column":19}},"11":{"start":{"line":30,"column":2},"end":{"line":36,"column":null}},"12":{"start":{"line":31,"column":4},"end":{"line":31,"column":null}},"13":{"start":{"line":32,"column":9},"end":{"line":36,"column":null}},"14":{"start":{"line":33,"column":4},"end":{"line":33,"column":null}},"15":{"start":{"line":34,"column":9},"end":{"line":36,"column":null}},"16":{"start":{"line":35,"column":4},"end":{"line":35,"column":null}},"17":{"start":{"line":38,"column":2},"end":{"line":41,"column":null}},"18":{"start":{"line":47,"column":27},"end":{"line":62,"column":1}},"19":{"start":{"line":48,"column":17},"end":{"line":48,"column":19}},"20":{"start":{"line":50,"column":2},"end":{"line":56,"column":null}},"21":{"start":{"line":51,"column":4},"end":{"line":51,"column":null}},"22":{"start":{"line":52,"column":9},"end":{"line":56,"column":null}},"23":{"start":{"line":53,"column":4},"end":{"line":53,"column":null}},"24":{"start":{"line":54,"column":9},"end":{"line":56,"column":null}},"25":{"start":{"line":55,"column":4},"end":{"line":55,"column":null}},"26":{"start":{"line":58,"column":2},"end":{"line":61,"column":null}},"27":{"start":{"line":67,"column":29},"end":{"line":75,"column":1}},"28":{"start":{"line":68,"column":2},"end":{"line":72,"column":null}},"29":{"start":{"line":69,"column":4},"end":{"line":69,"column":null}},"30":{"start":{"line":70,"column":9},"end":{"line":72,"column":null}},"31":{"start":{"line":71,"column":4},"end":{"line":71,"column":null}},"32":{"start":{"line":74,"column":2},"end":{"line":74,"column":null}}},"fnMap":{"0":{"name":"(anonymous_0)","decl":{"start":{"line":1,"column":26},"end":{"line":1,"column":27}},"loc":{"start":{"line":1,"column":35},"end":{"line":8,"column":1}},"line":1},"1":{"name":"(anonymous_1)","decl":{"start":{"line":13,"column":28},"end":{"line":13,"column":29}},"loc":{"start":{"line":13,"column":38},"end":{"line":22,"column":1}},"line":13},"2":{"name":"(anonymous_2)","decl":{"start":{"line":27,"column":35},"end":{"line":27,"column":36}},"loc":{"start":{"line":27,"column":45},"end":{"line":42,"column":1}},"line":27},"3":{"name":"(anonymous_3)","decl":{"start":{"line":47,"column":27},"end":{"line":47,"column":28}},"loc":{"start":{"line":47,"column":36},"end":{"line":62,"column":1}},"line":47},"4":{"name":"(anonymous_4)","decl":{"start":{"line":67,"column":29},"end":{"line":67,"column":30}},"loc":{"start":{"line":67,"column":46},"end":{"line":75,"column":1}},"line":67}},"branchMap":{"0":{"loc":{"start":{"line":4,"column":11},"end":{"line":4,"column":70}},"type":"binary-expr","locations":[{"start":{"line":4,"column":11},"end":{"line":4,"column":38}},{"start":{"line":4,"column":42},"end":{"line":4,"column":70}}],"line":4},"1":{"loc":{"start":{"line":14,"column":2},"end":{"line":14,"column":null}},"type":"if","locations":[{"start":{"line":14,"column":2},"end":{"line":14,"column":null}},{"start":{},"end":{}}],"line":14},"2":{"loc":{"start":{"line":30,"column":2},"end":{"line":36,"column":null}},"type":"if","locations":[{"start":{"line":30,"column":2},"end":{"line":36,"column":null}},{"start":{"line":32,"column":9},"end":{"line":36,"column":null}}],"line":30},"3":{"loc":{"start":{"line":30,"column":6},"end":{"line":30,"column":39}},"type":"binary-expr","locations":[{"start":{"line":30,"column":6},"end":{"line":30,"column":11}},{"start":{"line":30,"column":15},"end":{"line":30,"column":39}}],"line":30},"4":{"loc":{"start":{"line":32,"column":9},"end":{"line":36,"column":null}},"type":"if","locations":[{"start":{"line":32,"column":9},"end":{"line":36,"column":null}},{"start":{"line":34,"column":9},"end":{"line":36,"column":null}}],"line":32},"5":{"loc":{"start":{"line":34,"column":9},"end":{"line":36,"column":null}},"type":"if","locations":[{"start":{"line":34,"column":9},"end":{"line":36,"column":null}},{"start":{},"end":{}}],"line":34},"6":{"loc":{"start":{"line":50,"column":2},"end":{"line":56,"column":null}},"type":"if","locations":[{"start":{"line":50,"column":2},"end":{"line":56,"column":null}},{"start":{"line":52,"column":9},"end":{"line":56,"column":null}}],"line":50},"7":{"loc":{"start":{"line":50,"column":6},"end":{"line":50,"column":37}},"type":"binary-expr","locations":[{"start":{"line":50,"column":6},"end":{"line":50,"column":10}},{"start":{"line":50,"column":14},"end":{"line":50,"column":37}}],"line":50},"8":{"loc":{"start":{"line":52,"column":9},"end":{"line":56,"column":null}},"type":"if","locations":[{"start":{"line":52,"column":9},"end":{"line":56,"column":null}},{"start":{"line":54,"column":9},"end":{"line":56,"column":null}}],"line":52},"9":{"loc":{"start":{"line":54,"column":9},"end":{"line":56,"column":null}},"type":"if","locations":[{"start":{"line":54,"column":9},"end":{"line":56,"column":null}},{"start":{},"end":{}}],"line":54},"10":{"loc":{"start":{"line":68,"column":2},"end":{"line":72,"column":null}},"type":"if","locations":[{"start":{"line":68,"column":2},"end":{"line":72,"column":null}},{"start":{"line":70,"column":9},"end":{"line":72,"column":null}}],"line":68},"11":{"loc":{"start":{"line":70,"column":9},"end":{"line":72,"column":null}},"type":"if","locations":[{"start":{"line":70,"column":9},"end":{"line":72,"column":null}},{"start":{},"end":{}}],"line":70}},"s":{"0":2,"1":17,"2":17,"3":17,"4":4,"5":2,"6":8,"7":3,"8":5,"9":2,"10":14,"11":14,"12":7,"13":7,"14":2,"15":5,"16":1,"17":14,"18":2,"19":13,"20":13,"21":4,"22":9,"23":3,"24":6,"25":1,"26":13,"27":2,"28":3,"29":1,"30":2,"31":1,"32":1},"f":{"0":17,"1":8,"2":14,"3":13,"4":3},"b":{"0":[17,11],"1":[3,5],"2":[7,7],"3":[14,8],"4":[2,5],"5":[1,4],"6":[4,9],"7":[13,9],"8":[3,6],"9":[1,5],"10":[1,2],"11":[1,1]},"meta":{"lastBranch":12,"lastFunction":5,"lastStatement":33,"seen":{"s:1:26:8:1":0,"f:1:26:1:27":0,"s:2:2:7:Infinity":1,"s:3:19:3:31":2,"s:4:4:4:Infinity":3,"b:4:11:4:38:4:42:4:70":0,"s:6:4:6:Infinity":4,"s:13:28:22:1":5,"f:13:28:13:29":1,"b:14:2:14:Infinity:undefined:undefined:undefined:undefined":1,"s:14:2:14:Infinity":6,"s:14:13:14:Infinity":7,"s:16:2:21:49":8,"s:27:35:42:1":9,"f:27:35:27:36":2,"s:28:17:28:19":10,"b:30:2:36:Infinity:32:9:36:Infinity":2,"s:30:2:36:Infinity":11,"b:30:6:30:11:30:15:30:39":3,"s:31:4:31:Infinity":12,"b:32:9:36:Infinity:34:9:36:Infinity":4,"s:32:9:36:Infinity":13,"s:33:4:33:Infinity":14,"b:34:9:36:Infinity:undefined:undefined:undefined:undefined":5,"s:34:9:36:Infinity":15,"s:35:4:35:Infinity":16,"s:38:2:41:Infinity":17,"s:47:27:62:1":18,"f:47:27:47:28":3,"s:48:17:48:19":19,"b:50:2:56:Infinity:52:9:56:Infinity":6,"s:50:2:56:Infinity":20,"b:50:6:50:10:50:14:50:37":7,"s:51:4:51:Infinity":21,"b:52:9:56:Infinity:54:9:56:Infinity":8,"s:52:9:56:Infinity":22,"s:53:4:53:Infinity":23,"b:54:9:56:Infinity:undefined:undefined:undefined:undefined":9,"s:54:9:56:Infinity":24,"s:55:4:55:Infinity":25,"s:58:2:61:Infinity":26,"s:67:29:75:1":27,"f:67:29:67:30":4,"b:68:2:72:Infinity:70:9:72:Infinity":10,"s:68:2:72:Infinity":28,"s:69:4:69:Infinity":29,"b:70:9:72:Infinity:undefined:undefined:undefined:undefined":11,"s:70:9:72:Infinity":30,"s:71:4:71:Infinity":31,"s:74:2:74:Infinity":32}}}
}
