TN:
SF:src/App.jsx
FN:11,(anonymous_0)
FN:12,(anonymous_1)
FN:20,(anonymous_2)
FN:28,(anonymous_3)
FN:29,(anonymous_4)
FN:31,(anonymous_5)
FN:32,(anonymous_6)
FN:34,(anonymous_7)
FN:35,(anonymous_8)
FN:42,(anonymous_9)
FN:43,(anonymous_10)
FN:50,(anonymous_11)
FN:62,(anonymous_12)
FN:70,(anonymous_13)
FN:75,(anonymous_14)
FN:78,(anonymous_15)
FNF:16
FNH:0
FNDA:0,(anonymous_0)
FNDA:0,(anonymous_1)
FNDA:0,(anonymous_2)
FNDA:0,(anonymous_3)
FNDA:0,(anonymous_4)
FNDA:0,(anonymous_5)
FNDA:0,(anonymous_6)
FNDA:0,(anonymous_7)
FNDA:0,(anonymous_8)
FNDA:0,(anonymous_9)
FNDA:0,(anonymous_10)
FNDA:0,(anonymous_11)
FNDA:0,(anonymous_12)
FNDA:0,(anonymous_13)
FNDA:0,(anonymous_14)
FNDA:0,(anonymous_15)
DA:11,0
DA:12,0
DA:13,0
DA:20,0
DA:21,0
DA:22,0
DA:24,0
DA:28,0
DA:29,0
DA:31,0
DA:32,0
DA:34,0
DA:35,0
DA:42,0
DA:43,0
DA:50,0
DA:51,0
DA:53,0
DA:56,0
DA:59,0
DA:62,0
DA:67,0
DA:70,0
DA:75,0
DA:78,0
DA:81,0
DA:85,0
LF:27
LH:0
BRDA:21,0,0,0
BRDA:21,0,1,0
BRDA:51,1,0,0
BRDA:51,1,1,0
BRDA:51,1,2,0
BRDA:51,1,3,0
BRDA:51,1,4,0
BRDA:51,1,5,0
BRDA:51,1,6,0
BRDA:88,2,0,0
BRDA:88,2,1,0
BRF:11
BRH:0
end_of_record
TN:
SF:src/constants.jsx
FN:9,(anonymous_0)
FN:29,(anonymous_1)
FN:52,(anonymous_2)
FN:73,(anonymous_3)
FN:93,(anonymous_4)
FN:114,(anonymous_5)
FN:135,(anonymous_6)
FN:155,(anonymous_7)
FN:175,(anonymous_8)
FN:202,(anonymous_9)
FNF:10
FNH:0
FNDA:0,(anonymous_0)
FNDA:0,(anonymous_1)
FNDA:0,(anonymous_2)
FNDA:0,(anonymous_3)
FNDA:0,(anonymous_4)
FNDA:0,(anonymous_5)
FNDA:0,(anonymous_6)
FNDA:0,(anonymous_7)
FNDA:0,(anonymous_8)
FNDA:0,(anonymous_9)
DA:4,0
DA:9,0
DA:10,0
DA:26,0
DA:29,0
DA:30,0
DA:49,0
DA:52,0
DA:53,0
DA:70,0
DA:73,0
DA:74,0
DA:90,0
DA:93,0
DA:94,0
DA:111,0
DA:114,0
DA:115,0
DA:132,0
DA:135,0
DA:136,0
DA:152,0
DA:155,0
DA:156,0
DA:172,0
DA:175,0
DA:176,0
DA:199,0
DA:202,0
DA:203,0
DA:218,0
DA:220,0
LF:32
LH:0
BRF:0
BRH:0
end_of_record
TN:
SF:src/components/Footer.jsx
FN:4,(anonymous_0)
FN:10,(anonymous_1)
FN:11,(anonymous_2)
FN:15,(anonymous_3)
FN:18,(anonymous_4)
FN:20,(anonymous_5)
FN:21,(anonymous_6)
FN:26,(anonymous_7)
FN:29,(anonymous_8)
FN:112,(anonymous_9)
FN:132,(anonymous_10)
FN:144,(anonymous_11)
FN:184,(anonymous_12)
FNF:13
FNH:0
FNDA:0,(anonymous_0)
FNDA:0,(anonymous_1)
FNDA:0,(anonymous_2)
FNDA:0,(anonymous_3)
FNDA:0,(anonymous_4)
FNDA:0,(anonymous_5)
FNDA:0,(anonymous_6)
FNDA:0,(anonymous_7)
FNDA:0,(anonymous_8)
FNDA:0,(anonymous_9)
FNDA:0,(anonymous_10)
FNDA:0,(anonymous_11)
FNDA:0,(anonymous_12)
DA:4,0
DA:5,0
DA:6,0
DA:7,0
DA:8,0
DA:10,0
DA:11,0
DA:12,0
DA:14,0
DA:15,0
DA:18,0
DA:19,0
DA:21,0
DA:25,0
DA:26,0
DA:29,0
DA:30,0
DA:33,0
DA:94,0
DA:112,0
DA:132,0
DA:145,0
DA:185,0
DA:235,0
LF:24
LH:0
BRDA:25,0,0,0
BRDA:25,0,1,0
BRDA:104,1,0,0
BRDA:104,1,1,0
BRDA:148,2,0,0
BRDA:148,2,1,0
BRDA:150,3,0,0
BRDA:150,3,1,0
BRDA:157,4,0,0
BRDA:157,4,1,0
BRDA:173,5,0,0
BRDA:173,5,1,0
BRDA:192,6,0,0
BRDA:192,6,1,0
BRDA:210,7,0,0
BRDA:210,7,1,0
BRF:16
BRH:0
end_of_record
TN:
SF:src/components/Navbar.jsx
FN:4,(anonymous_0)
FN:10,(anonymous_1)
FN:11,(anonymous_2)
FN:12,(anonymous_3)
FN:16,(anonymous_4)
FN:17,(anonymous_5)
FN:22,(anonymous_6)
FN:33,(anonymous_7)
FN:55,(anonymous_8)
FN:72,(anonymous_9)
FN:75,(anonymous_10)
FN:86,(anonymous_11)
FN:120,(anonymous_12)
FN:123,(anonymous_13)
FNF:14
FNH:0
FNDA:0,(anonymous_0)
FNDA:0,(anonymous_1)
FNDA:0,(anonymous_2)
FNDA:0,(anonymous_3)
FNDA:0,(anonymous_4)
FNDA:0,(anonymous_5)
FNDA:0,(anonymous_6)
FNDA:0,(anonymous_7)
FNDA:0,(anonymous_8)
FNDA:0,(anonymous_9)
FNDA:0,(anonymous_10)
FNDA:0,(anonymous_11)
FNDA:0,(anonymous_12)
FNDA:0,(anonymous_13)
DA:4,0
DA:5,0
DA:6,0
DA:7,0
DA:10,0
DA:11,0
DA:12,0
DA:16,0
DA:17,0
DA:18,0
DA:21,0
DA:22,0
DA:25,0
DA:33,0
DA:34,0
DA:35,0
DA:37,0
DA:40,0
DA:56,0
DA:57,0
DA:73,0
DA:75,0
DA:86,0
DA:121,0
DA:124,0
DA:125,0
DA:143,0
LF:27
LH:0
BRDA:34,0,0,0
BRDA:34,0,1,0
BRDA:43,1,0,0
BRDA:43,1,1,0
BRDA:48,2,0,0
BRDA:48,2,1,0
BRDA:77,3,0,0
BRDA:77,3,1,0
BRDA:94,4,0,0
BRDA:94,4,1,0
BRDA:99,5,0,0
BRDA:99,5,1,0
BRDA:104,6,0,0
BRDA:104,6,1,0
BRDA:114,7,0,0
BRDA:114,7,1,0
BRDA:128,8,0,0
BRDA:128,8,1,0
BRDA:132,9,0,0
BRDA:132,9,1,0
BRF:20
BRH:0
end_of_record
TN:
SF:src/pages/Analyzer.jsx
FN:6,(anonymous_0)
FN:25,(anonymous_1)
FN:26,(anonymous_2)
FN:30,(anonymous_3)
FN:32,(anonymous_4)
FN:33,(anonymous_5)
FN:48,(anonymous_6)
FN:51,(anonymous_7)
FN:88,(anonymous_8)
FN:89,(anonymous_9)
FN:193,(anonymous_10)
FN:207,(anonymous_11)
FN:236,(anonymous_12)
FN:302,(anonymous_13)
FN:363,(anonymous_14)
FNF:15
FNH:0
FNDA:0,(anonymous_0)
FNDA:0,(anonymous_1)
FNDA:0,(anonymous_2)
FNDA:0,(anonymous_3)
FNDA:0,(anonymous_4)
FNDA:0,(anonymous_5)
FNDA:0,(anonymous_6)
FNDA:0,(anonymous_7)
FNDA:0,(anonymous_8)
FNDA:0,(anonymous_9)
FNDA:0,(anonymous_10)
FNDA:0,(anonymous_11)
FNDA:0,(anonymous_12)
FNDA:0,(anonymous_13)
FNDA:0,(anonymous_14)
DA:6,0
DA:7,0
DA:8,0
DA:9,0
DA:10,0
DA:11,0
DA:12,0
DA:13,0
DA:14,0
DA:16,0
DA:25,0
DA:26,0
DA:30,0
DA:31,0
DA:33,0
DA:34,0
DA:35,0
DA:37,0
DA:44,0
DA:45,0
DA:48,0
DA:51,0
DA:52,0
DA:55,0
DA:56,0
DA:59,0
DA:63,0
DA:64,0
DA:65,0
DA:67,0
DA:68,0
DA:73,0
DA:74,0
DA:75,0
DA:76,0
DA:78,0
DA:79,0
DA:80,0
DA:85,0
DA:88,0
DA:89,0
DA:92,0
DA:94,0
DA:97,0
DA:100,0
DA:103,0
DA:105,0
DA:108,0
DA:114,0
DA:118,0
DA:139,0
DA:140,0
DA:165,0
DA:194,0
DA:195,0
DA:196,0
DA:208,0
DA:209,0
DA:210,0
DA:237,0
DA:238,0
DA:303,0
DA:304,0
DA:364,0
DA:394,0
LF:65
LH:0
BRDA:34,0,0,0
BRDA:34,0,1,0
BRDA:44,1,0,0
BRDA:44,1,1,0
BRDA:55,2,0,0
BRDA:55,2,1,0
BRDA:57,3,0,0
BRDA:57,3,1,0
BRDA:63,4,0,0
BRDA:63,4,1,0
BRDA:73,5,0,0
BRDA:73,5,1,0
BRDA:74,6,0,0
BRDA:74,6,1,0
BRDA:78,7,0,0
BRDA:78,7,1,0
BRDA:109,8,0,0
BRDA:109,8,1,0
BRDA:139,9,0,0
BRDA:139,9,1,0
BRDA:169,10,0,0
BRDA:169,10,1,0
BRDA:186,11,0,0
BRDA:186,11,1,0
BRDA:199,12,0,0
BRDA:199,12,1,0
BRDA:213,13,0,0
BRDA:213,13,1,0
BRDA:223,14,0,0
BRDA:223,14,1,0
BRDA:252,15,0,0
BRDA:252,15,1,0
BRDA:320,16,0,0
BRDA:320,16,1,0
BRDA:330,17,0,0
BRDA:330,17,1,0
BRDA:355,18,0,0
BRDA:355,18,1,0
BRDA:367,19,0,0
BRDA:367,19,1,0
BRF:40
BRH:0
end_of_record
TN:
SF:src/pages/FAQGenerator.jsx
FN:4,(anonymous_0)
FN:20,(anonymous_1)
FN:21,(anonymous_2)
FN:24,(anonymous_3)
FN:26,(anonymous_4)
FN:27,(anonymous_5)
FN:40,(anonymous_6)
FN:44,(anonymous_7)
FN:46,(anonymous_8)
FN:47,(anonymous_9)
FN:51,(anonymous_10)
FN:55,(anonymous_11)
FN:57,(anonymous_12)
FN:62,(anonymous_13)
FN:68,(anonymous_14)
FN:70,(anonymous_15)
FN:81,(anonymous_16)
FN:96,(anonymous_17)
FN:106,(anonymous_18)
FN:191,(anonymous_19)
FN:191,(anonymous_20)
FN:274,(anonymous_21)
FN:285,(anonymous_22)
FN:314,(anonymous_23)
FN:328,(anonymous_24)
FN:518,(anonymous_25)
FNF:26
FNH:0
FNDA:0,(anonymous_0)
FNDA:0,(anonymous_1)
FNDA:0,(anonymous_2)
FNDA:0,(anonymous_3)
FNDA:0,(anonymous_4)
FNDA:0,(anonymous_5)
FNDA:0,(anonymous_6)
FNDA:0,(anonymous_7)
FNDA:0,(anonymous_8)
FNDA:0,(anonymous_9)
FNDA:0,(anonymous_10)
FNDA:0,(anonymous_11)
FNDA:0,(anonymous_12)
FNDA:0,(anonymous_13)
FNDA:0,(anonymous_14)
FNDA:0,(anonymous_15)
FNDA:0,(anonymous_16)
FNDA:0,(anonymous_17)
FNDA:0,(anonymous_18)
FNDA:0,(anonymous_19)
FNDA:0,(anonymous_20)
FNDA:0,(anonymous_21)
FNDA:0,(anonymous_22)
FNDA:0,(anonymous_23)
FNDA:0,(anonymous_24)
FNDA:0,(anonymous_25)
DA:4,0
DA:5,0
DA:6,0
DA:7,0
DA:8,0
DA:11,0
DA:17,0
DA:20,0
DA:21,0
DA:24,0
DA:25,0
DA:27,0
DA:28,0
DA:29,0
DA:36,0
DA:37,0
DA:40,0
DA:44,0
DA:45,0
DA:46,0
DA:47,0
DA:51,0
DA:52,0
DA:55,0
DA:56,0
DA:57,0
DA:58,0
DA:62,0
DA:63,0
DA:64,0
DA:65,0
DA:68,0
DA:69,0
DA:70,0
DA:73,0
DA:74,0
DA:75,0
DA:78,0
DA:81,0
DA:91,0
DA:92,0
DA:93,0
DA:96,0
DA:97,0
DA:98,0
DA:99,0
DA:101,0
DA:102,0
DA:106,0
DA:107,0
DA:108,0
DA:109,0
DA:112,0
DA:133,0
DA:191,0
DA:275,0
DA:285,0
DA:315,0
DA:329,0
DA:519,0
LF:60
LH:0
BRDA:28,0,0,0
BRDA:28,0,1,0
BRDA:36,1,0,0
BRDA:36,1,1,0
BRDA:44,2,0,0
BRDA:56,3,0,0
BRDA:56,3,1,0
BRDA:70,4,0,0
BRDA:70,4,1,0
BRDA:73,5,0,0
BRDA:73,5,1,0
BRDA:138,6,0,0
BRDA:138,6,1,0
BRDA:145,7,0,0
BRDA:145,7,1,0
BRDA:152,8,0,0
BRDA:152,8,1,0
BRDA:157,9,0,0
BRDA:157,9,1,0
BRDA:214,10,0,0
BRDA:214,10,1,0
BRDA:256,11,0,0
BRDA:256,11,1,0
BRDA:283,12,0,0
BRDA:283,12,1,0
BRDA:387,13,0,0
BRDA:387,13,1,0
BRDA:395,14,0,0
BRDA:395,14,1,0
BRDA:418,15,0,0
BRDA:418,15,1,0
BRDA:510,16,0,0
BRDA:510,16,1,0
BRDA:522,17,0,0
BRDA:522,17,1,0
BRF:35
BRH:0
end_of_record
TN:
SF:src/pages/History.jsx
FN:5,(anonymous_0)
FN:20,(anonymous_1)
FN:21,(anonymous_2)
FN:36,(anonymous_3)
FN:43,(anonymous_4)
FN:45,(anonymous_5)
FN:46,(anonymous_6)
FN:58,(anonymous_7)
FN:61,(anonymous_8)
FN:66,(anonymous_9)
FN:67,(anonymous_10)
FN:73,(anonymous_11)
FN:85,(anonymous_12)
FN:85,(anonymous_13)
FN:86,(anonymous_14)
FN:97,(anonymous_15)
FN:100,(anonymous_16)
FN:101,(anonymous_17)
FN:105,(anonymous_18)
FN:109,(anonymous_19)
FN:115,(anonymous_20)
FN:135,(anonymous_21)
FN:164,(anonymous_22)
FN:234,(anonymous_23)
FN:258,(anonymous_24)
FN:265,(anonymous_25)
FN:278,(anonymous_26)
FN:279,(anonymous_27)
FN:327,(anonymous_28)
FN:364,(anonymous_29)
FN:364,(anonymous_30)
FN:376,(anonymous_31)
FN:377,(anonymous_32)
FNF:33
FNH:0
FNDA:0,(anonymous_0)
FNDA:0,(anonymous_1)
FNDA:0,(anonymous_2)
FNDA:0,(anonymous_3)
FNDA:0,(anonymous_4)
FNDA:0,(anonymous_5)
FNDA:0,(anonymous_6)
FNDA:0,(anonymous_7)
FNDA:0,(anonymous_8)
FNDA:0,(anonymous_9)
FNDA:0,(anonymous_10)
FNDA:0,(anonymous_11)
FNDA:0,(anonymous_12)
FNDA:0,(anonymous_13)
FNDA:0,(anonymous_14)
FNDA:0,(anonymous_15)
FNDA:0,(anonymous_16)
FNDA:0,(anonymous_17)
FNDA:0,(anonymous_18)
FNDA:0,(anonymous_19)
FNDA:0,(anonymous_20)
FNDA:0,(anonymous_21)
FNDA:0,(anonymous_22)
FNDA:0,(anonymous_23)
FNDA:0,(anonymous_24)
FNDA:0,(anonymous_25)
FNDA:0,(anonymous_26)
FNDA:0,(anonymous_27)
FNDA:0,(anonymous_28)
FNDA:0,(anonymous_29)
FNDA:0,(anonymous_30)
FNDA:0,(anonymous_31)
FNDA:0,(anonymous_32)
DA:5,0
DA:6,0
DA:7,0
DA:8,0
DA:11,0
DA:12,0
DA:13,0
DA:14,0
DA:15,0
DA:16,0
DA:17,0
DA:20,0
DA:21,0
DA:22,0
DA:23,0
DA:24,0
DA:27,0
DA:28,0
DA:29,0
DA:30,0
DA:31,0
DA:33,0
DA:35,0
DA:36,0
DA:39,0
DA:43,0
DA:44,0
DA:45,0
DA:47,0
DA:48,0
DA:53,0
DA:58,0
DA:59,0
DA:60,0
DA:61,0
DA:65,0
DA:66,0
DA:67,0
DA:69,0
DA:73,0
DA:74,0
DA:75,0
DA:76,0
DA:77,0
DA:78,0
DA:84,0
DA:85,0
DA:86,0
DA:89,0
DA:94,0
DA:95,0
DA:97,0
DA:98,0
DA:99,0
DA:101,0
DA:104,0
DA:105,0
DA:109,0
DA:110,0
DA:111,0
DA:112,0
DA:115,0
DA:116,0
DA:117,0
DA:122,0
DA:123,0
DA:128,0
DA:135,0
DA:136,0
DA:137,0
DA:138,0
DA:145,0
DA:146,0
DA:156,0
DA:157,0
DA:164,0
DA:174,0
DA:235,0
DA:259,0
DA:260,0
DA:262,0
DA:265,0
DA:278,0
DA:280,0
DA:328,0
DA:364,0
DA:377,0
DA:392,0
LF:88
LH:0
BRDA:27,0,0,0
BRDA:27,0,1,0
BRDA:29,1,0,0
BRDA:29,1,1,0
BRDA:30,2,0,0
BRDA:30,2,1,0
BRDA:31,3,0,0
BRDA:31,3,1,0
BRDA:45,4,0,0
BRDA:45,4,1,0
BRDA:47,5,0,0
BRDA:47,5,1,0
BRDA:49,6,0,0
BRDA:49,6,1,0
BRDA:50,7,0,0
BRDA:50,7,1,0
BRDA:53,8,0,0
BRDA:53,8,1,0
BRDA:53,9,0,0
BRDA:53,9,1,0
BRDA:61,10,0,0
BRDA:61,10,1,0
BRDA:65,11,0,0
BRDA:65,11,1,0
BRDA:75,12,0,0
BRDA:75,12,1,0
BRDA:84,13,0,0
BRDA:84,13,1,0
BRDA:98,14,0,0
BRDA:98,14,1,0
BRDA:98,15,0,0
BRDA:98,15,1,0
BRDA:104,16,0,0
BRDA:104,16,1,0
BRDA:110,17,0,0
BRDA:110,17,1,0
BRDA:111,18,0,0
BRDA:111,18,1,0
BRDA:116,19,0,0
BRDA:116,19,1,0
BRDA:122,20,0,0
BRDA:122,20,1,0
BRDA:136,21,0,0
BRDA:136,21,1,0
BRDA:145,22,0,0
BRDA:145,22,1,0
BRDA:145,23,0,0
BRDA:145,23,1,0
BRDA:156,24,0,0
BRDA:156,24,1,0
BRDA:179,25,0,0
BRDA:179,25,1,0
BRDA:201,26,0,0
BRDA:201,26,1,0
BRDA:238,27,0,0
BRDA:238,27,1,0
BRDA:259,28,0,0
BRDA:259,28,1,0
BRDA:268,29,0,0
BRDA:268,29,1,0
BRDA:280,30,0,0
BRDA:280,30,1,0
BRDA:291,31,0,0
BRDA:291,31,1,0
BRDA:296,32,0,0
BRDA:296,32,1,0
BRDA:337,33,0,0
BRDA:337,33,1,0
BRDA:340,34,0,0
BRDA:340,34,1,0
BRDA:361,35,0,0
BRDA:361,35,1,0
BRF:72
BRH:0
end_of_record
TN:
SF:src/pages/Landing.jsx
FN:5,(anonymous_0)
FN:10,(anonymous_1)
FN:11,(anonymous_2)
FN:13,(anonymous_3)
FN:25,(anonymous_4)
FN:32,(anonymous_5)
FN:36,(anonymous_6)
FN:162,(anonymous_7)
FN:169,(anonymous_8)
FN:177,(anonymous_9)
FN:188,(anonymous_10)
FN:197,(anonymous_11)
FN:214,(anonymous_12)
FN:219,(anonymous_13)
FN:242,(anonymous_14)
FN:249,(anonymous_15)
FN:265,(anonymous_16)
FN:272,(anonymous_17)
FNF:18
FNH:0
FNDA:0,(anonymous_0)
FNDA:0,(anonymous_1)
FNDA:0,(anonymous_2)
FNDA:0,(anonymous_3)
FNDA:0,(anonymous_4)
FNDA:0,(anonymous_5)
FNDA:0,(anonymous_6)
FNDA:0,(anonymous_7)
FNDA:0,(anonymous_8)
FNDA:0,(anonymous_9)
FNDA:0,(anonymous_10)
FNDA:0,(anonymous_11)
FNDA:0,(anonymous_12)
FNDA:0,(anonymous_13)
FNDA:0,(anonymous_14)
FNDA:0,(anonymous_15)
FNDA:0,(anonymous_16)
FNDA:0,(anonymous_17)
DA:5,0
DA:6,0
DA:7,0
DA:10,0
DA:11,0
DA:12,0
DA:13,0
DA:14,0
DA:15,0
DA:16,0
DA:18,0
DA:20,0
DA:25,0
DA:26,0
DA:31,0
DA:32,0
DA:33,0
DA:36,0
DA:40,0
DA:71,0
DA:92,0
DA:99,0
DA:126,0
DA:134,0
DA:162,0
DA:169,0
DA:178,0
DA:188,0
DA:198,0
DA:214,0
DA:220,0
DA:242,0
DA:250,0
DA:265,0
DA:273,0
DA:283,0
LF:36
LH:0
BRDA:15,0,0,0
BRDA:15,0,1,0
BRDA:33,1,0,0
BRDA:33,1,1,0
BRDA:191,2,0,0
BRDA:191,2,1,0
BRDA:223,3,0,0
BRDA:223,3,1,0
BRDA:245,4,0,0
BRDA:245,4,1,0
BRDA:268,5,0,0
BRDA:268,5,1,0
BRF:12
BRH:0
end_of_record
TN:
SF:src/pages/News.jsx
FN:5,(anonymous_0)
FN:11,(anonymous_1)
FN:12,(anonymous_2)
FN:13,(anonymous_3)
FN:14,(anonymous_4)
FN:20,(anonymous_5)
FN:21,(anonymous_6)
FN:22,(anonymous_7)
FN:23,(anonymous_8)
FN:126,(anonymous_9)
FN:159,(anonymous_10)
FN:162,(anonymous_11)
FN:177,(anonymous_12)
FNF:13
FNH:0
FNDA:0,(anonymous_0)
FNDA:0,(anonymous_1)
FNDA:0,(anonymous_2)
FNDA:0,(anonymous_3)
FNDA:0,(anonymous_4)
FNDA:0,(anonymous_5)
FNDA:0,(anonymous_6)
FNDA:0,(anonymous_7)
FNDA:0,(anonymous_8)
FNDA:0,(anonymous_9)
FNDA:0,(anonymous_10)
FNDA:0,(anonymous_11)
FNDA:0,(anonymous_12)
DA:5,0
DA:6,0
DA:7,0
DA:8,0
DA:11,0
DA:12,0
DA:13,0
DA:14,0
DA:15,0
DA:16,0
DA:20,0
DA:21,0
DA:22,0
DA:23,0
DA:24,0
DA:25,0
DA:29,0
DA:36,0
DA:124,0
DA:126,0
DA:128,0
DA:160,0
DA:162,0
DA:178,0
DA:229,0
LF:25
LH:0
BRDA:124,0,0,0
BRDA:124,0,1,0
BRDA:133,1,0,0
BRDA:133,1,1,0
BRDA:156,2,0,0
BRDA:156,2,1,0
BRDA:164,3,0,0
BRDA:164,3,1,0
BRDA:181,4,0,0
BRDA:181,4,1,0
BRF:10
BRH:0
end_of_record
TN:
SF:src/pages/Results.jsx
FN:6,(anonymous_0)
FN:16,(anonymous_1)
FN:47,(anonymous_2)
FN:97,(anonymous_3)
FN:117,(anonymous_4)
FN:123,(anonymous_5)
FN:130,(anonymous_6)
FN:150,(anonymous_7)
FN:171,(anonymous_8)
FN:176,(anonymous_9)
FN:207,(anonymous_10)
FN:210,(anonymous_11)
FN:213,(anonymous_12)
FN:289,(anonymous_13)
FN:337,(anonymous_14)
FN:367,(anonymous_15)
FN:381,(anonymous_16)
FNF:17
FNH:0
FNDA:0,(anonymous_0)
FNDA:0,(anonymous_1)
FNDA:0,(anonymous_2)
FNDA:0,(anonymous_3)
FNDA:0,(anonymous_4)
FNDA:0,(anonymous_5)
FNDA:0,(anonymous_6)
FNDA:0,(anonymous_7)
FNDA:0,(anonymous_8)
FNDA:0,(anonymous_9)
FNDA:0,(anonymous_10)
FNDA:0,(anonymous_11)
FNDA:0,(anonymous_12)
FNDA:0,(anonymous_13)
FNDA:0,(anonymous_14)
FNDA:0,(anonymous_15)
FNDA:0,(anonymous_16)
DA:6,0
DA:7,0
DA:8,0
DA:9,0
DA:10,0
DA:11,0
DA:12,0
DA:16,0
DA:17,0
DA:20,0
DA:41,0
DA:48,0
DA:90,0
DA:97,0
DA:98,0
DA:100,0
DA:103,0
DA:105,0
DA:106,0
DA:108,0
DA:110,0
DA:111,0
DA:117,0
DA:118,0
DA:123,0
DA:124,0
DA:130,0
DA:131,0
DA:132,0
DA:137,0
DA:138,0
DA:143,0
DA:150,0
DA:151,0
DA:152,0
DA:153,0
DA:158,0
DA:159,0
DA:164,0
DA:171,0
DA:172,0
DA:173,0
DA:174,0
DA:175,0
DA:176,0
DA:178,0
DA:182,0
DA:184,0
DA:205,0
DA:207,0
DA:210,0
DA:213,0
DA:217,0
DA:290,0
DA:338,0
DA:339,0
DA:368,0
DA:369,0
DA:370,0
DA:381,0
DA:412,0
LF:61
LH:0
BRDA:7,0,0,0
BRDA:7,0,1,0
BRDA:8,1,0,0
BRDA:8,1,1,0
BRDA:9,2,0,0
BRDA:9,2,1,0
BRDA:11,3,0,0
BRDA:11,3,1,0
BRDA:55,4,0,0
BRDA:55,4,1,0
BRDA:71,5,0,0
BRDA:71,5,1,0
BRDA:100,6,0,0
BRDA:100,6,1,0
BRDA:103,7,0,0
BRDA:103,7,1,0
BRDA:103,7,2,0
BRDA:105,8,0,0
BRDA:105,8,1,0
BRDA:105,8,2,0
BRDA:106,9,0,0
BRDA:106,9,1,0
BRDA:108,10,0,0
BRDA:108,10,1,0
BRDA:108,10,2,0
BRDA:110,11,0,0
BRDA:110,11,1,0
BRDA:110,12,0,0
BRDA:110,12,1,0
BRDA:110,12,2,0
BRDA:118,13,0,0
BRDA:118,13,1,0
BRDA:120,14,0,0
BRDA:120,14,1,0
BRDA:124,15,0,0
BRDA:124,15,1,0
BRDA:126,16,0,0
BRDA:126,16,1,0
BRDA:131,17,0,0
BRDA:131,17,1,0
BRDA:137,18,0,0
BRDA:137,18,1,0
BRDA:151,19,0,0
BRDA:151,19,1,0
BRDA:152,20,0,0
BRDA:152,20,1,0
BRDA:158,21,0,0
BRDA:158,21,1,0
BRDA:172,22,0,0
BRDA:172,22,1,0
BRDA:207,23,0,0
BRDA:207,23,1,0
BRDA:210,24,0,0
BRDA:210,24,1,0
BRDA:213,25,0,0
BRDA:213,25,1,0
BRDA:235,26,0,0
BRDA:235,26,1,0
BRDA:326,27,0,0
BRDA:326,27,1,0
BRDA:327,28,0,0
BRDA:327,28,1,0
BRDA:337,29,0,0
BRDA:337,29,1,0
BRDA:348,30,0,0
BRDA:348,30,1,0
BRDA:348,30,2,0
BRDA:353,31,0,0
BRDA:353,31,1,0
BRDA:357,32,0,0
BRDA:357,32,1,0
BRDA:367,33,0,0
BRDA:367,33,1,0
BRDA:368,34,0,0
BRDA:368,34,1,0
BRDA:377,35,0,0
BRDA:377,35,1,0
BRDA:379,36,0,0
BRDA:379,36,1,0
BRDA:384,37,0,0
BRDA:384,37,1,0
BRDA:394,38,0,0
BRDA:394,38,1,0
BRDA:396,39,0,0
BRDA:396,39,1,0
BRF:85
BRH:0
end_of_record
TN:
SF:src/services/geminiService.js
FN:3,(anonymous_0)
FN:21,(anonymous_1)
FNF:2
FNH:0
FNDA:0,(anonymous_0)
FNDA:0,(anonymous_1)
DA:1,0
DA:3,0
DA:6,0
DA:7,0
DA:20,0
DA:21,0
DA:22,0
DA:25,0
DA:27,0
DA:29,0
DA:40,0
DA:41,0
LF:12
LH:0
BRDA:20,0,0,0
BRDA:20,0,1,0
BRDA:22,1,0,0
BRDA:22,1,1,0
BRDA:32,2,0,0
BRDA:32,2,1,0
BRF:6
BRH:0
end_of_record
TN:
SF:src/utils/validation.js
FN:1,(anonymous_0)
FN:13,(anonymous_1)
FN:27,(anonymous_2)
FN:47,(anonymous_3)
FN:67,(anonymous_4)
FNF:5
FNH:5
FNDA:17,(anonymous_0)
FNDA:8,(anonymous_1)
FNDA:14,(anonymous_2)
FNDA:13,(anonymous_3)
FNDA:3,(anonymous_4)
DA:1,2
DA:2,17
DA:3,17
DA:4,17
DA:6,4
DA:13,2
DA:14,8
DA:16,5
DA:27,2
DA:28,14
DA:30,14
DA:31,7
DA:32,7
DA:33,2
DA:34,5
DA:35,1
DA:38,14
DA:47,2
DA:48,13
DA:50,13
DA:51,4
DA:52,9
DA:53,3
DA:54,6
DA:55,1
DA:58,13
DA:67,2
DA:68,3
DA:69,1
DA:70,2
DA:71,1
DA:74,1
LF:32
LH:32
BRDA:4,0,0,17
BRDA:4,0,1,11
BRDA:14,1,0,3
BRDA:14,1,1,5
BRDA:30,2,0,7
BRDA:30,2,1,7
BRDA:30,3,0,14
BRDA:30,3,1,8
BRDA:32,4,0,2
BRDA:32,4,1,5
BRDA:34,5,0,1
BRDA:34,5,1,4
BRDA:50,6,0,4
BRDA:50,6,1,9
BRDA:50,7,0,13
BRDA:50,7,1,9
BRDA:52,8,0,3
BRDA:52,8,1,6
BRDA:54,9,0,1
BRDA:54,9,1,5
BRDA:68,10,0,1
BRDA:68,10,1,2
BRDA:70,11,0,1
BRDA:70,11,1,1
BRF:24
BRH:24
end_of_record
